#
# A fatal error has been detected by the Java Runtime Environment:
#
#  SIGBUS (0xa) at pc=0x00000001280014f0, pid=8119, tid=30735
#
# JRE version: Java(TM) SE Runtime Environment (17.0.1+12) (build 17.0.1+12-LTS-39)
# Java VM: Java HotSpot(TM) 64-Bit Server VM (17.0.1+12-LTS-39, mixed mode, sharing, tiered, compressed oops, compressed class ptrs, g1 gc, bsd-aarch64)
# Problematic frame:
# v  ~StubRoutines::SafeFetchN
#
# No core dump will be written. Core dumps have been disabled. To enable core dumping, try "ulimit -c unlimited" before starting Java again
#
# If you would like to submit a bug report, please visit:
#   https://bugreport.java.com/bugreport/crash.jsp
# The crash happened outside the Java Virtual Machine in native code.
# See problematic frame for where to report the bug.
#

---------------  S U M M A R Y ------------

Command Line: --module-path=/Library/Java/JavaVirtualMachines/javafx-sdk-17.0.1/lib --add-modules=javafx.controls,javafx.fxml -Djava.library.path=/Library/Java/JavaVirtualMachines/javafx-sdk-17.0.1/lib -javaagent:/Applications/IntelliJ IDEA.app/Contents/lib/idea_rt.jar=56195:/Applications/IntelliJ IDEA.app/Contents/bin -Dfile.encoding=UTF-8 com.jathurchan.ui.Main

Host: "MacBookAir10,1" arm64 1 MHz, 8 cores, 8G, Darwin 21.1.0, macOS 12.0.1 (21A559)
Time: Mon Nov 15 09:58:29 2021 CET elapsed time: 2.518151 seconds (0d 0h 0m 2s)

---------------  T H R E A D  ---------------

Current thread (0x000000011e8eaa00):  JavaThread "InvokeLaterDispatcher" daemon [_thread_in_native, id=30735, stack(0x0000000170250000,0x0000000170453000)]

Stack: [0x0000000170250000,0x0000000170453000],  sp=0x00000001704527b0,  free space=2057k
Native frames: (J=compiled Java code, j=interpreted, Vv=VM code, C=native code)
v  ~StubRoutines::SafeFetchN
V  [libjvm.dylib+0x79e208]  _ZN10OopStorage7releaseEPKP7oopDesc+0x20
V  [libjvm.dylib+0x4b8f30]  jni_DeleteGlobalRef+0xc4
C  [libglass.dylib+0xab08]  -[GlassRunnable dealloc]+0x34
C  [Foundation+0x85e0c]  -[_NSThreadPerformInfo dealloc]+0x30
C  [Foundation+0x525e8]  -[NSObject(NSThreadPerformAdditions) performSelectorOnMainThread:withObject:waitUntilDone:]+0x88
C  0x320a8001280098ac
j  com.sun.glass.ui.mac.MacApplication.submitForLaterInvocation(Ljava/lang/Runnable;)V+2 javafx.graphics
j  com.sun.glass.ui.InvokeLaterDispatcher.run()V+82 javafx.graphics
v  ~StubRoutines::call_stub
V  [libjvm.dylib+0x460588]  _ZN9JavaCalls11call_helperEP9JavaValueRK12methodHandleP17JavaCallArgumentsP10JavaThread+0x38c
V  [libjvm.dylib+0x45f5a4]  _ZN9JavaCalls12call_virtualEP9JavaValueP5KlassP6SymbolS5_P17JavaCallArgumentsP10JavaThread+0x11c
V  [libjvm.dylib+0x45f670]  _ZN9JavaCalls12call_virtualEP9JavaValue6HandleP5KlassP6SymbolS6_P10JavaThread+0x64
V  [libjvm.dylib+0x512ef0]  _ZL12thread_entryP10JavaThreadS0_+0xc4
V  [libjvm.dylib+0x8fc514]  _ZN10JavaThread17thread_main_innerEv+0x134
V  [libjvm.dylib+0x8fae3c]  _ZN6Thread8call_runEv+0x128
V  [libjvm.dylib+0x7a4df0]  _ZL19thread_native_entryP6Thread+0x158
C  [libsystem_pthread.dylib+0x74ec]  _pthread_start+0x94

Java frames: (J=compiled Java code, j=interpreted, Vv=VM code)
j  com.sun.glass.ui.mac.MacApplication._submitForLaterInvocation(Ljava/lang/Runnable;)V+0 javafx.graphics
j  com.sun.glass.ui.mac.MacApplication.submitForLaterInvocation(Ljava/lang/Runnable;)V+2 javafx.graphics
j  com.sun.glass.ui.InvokeLaterDispatcher.run()V+82 javafx.graphics
v  ~StubRoutines::call_stub

siginfo: si_signo: 10 (SIGBUS), si_code: 1 (BUS_ADRALN), si_addr: 0x00000001280014f0

Register to memory mapping:

 x0=0x000000011ce06148 is a global jni handle
 x1=0x0 is NULL
 x2=0x0000000787fe4630 is an oop: com.sun.glass.ui.InvokeLaterDispatcher$Future 
{0x0000000787fe4630} - klass: 'com/sun/glass/ui/InvokeLaterDispatcher$Future'
 - ---- fields (total size 3 words):
 - private 'done' 'Z' @12  true
 - private final 'runnable' 'Ljava/lang/Runnable;' @16  a 'com/sun/javafx/application/PlatformImpl$$Lambda$101+0x0000000800c85920'{0x0000000787f0d7a8} (f0fe1af5)
 - final synthetic 'this$0' 'Lcom/sun/glass/ui/InvokeLaterDispatcher;' @20  a 'com/sun/glass/ui/InvokeLaterDispatcher'{0x0000000784f31740} (f09e62e8)
 x3=0x0 is NULL
 x4=0x00000000000130a8 is an unknown value
 x5=0x0 is NULL
 x6=0x0 is NULL
 x7=0x0 is NULL
 x8=0x00000001280014ec is at begin+0 in a stub
StubRoutines::SafeFetchN [0x00000001280014ec, 0x00000001280014f8] (12 bytes)
 x9=0x0 is NULL
x10=0x2010000030300000 is an unknown value
x11=0x0000000000000007 is an unknown value
x12=0x0 is NULL
x13=0x0000600002c227f0 points into unknown readable memory: 0x0000000000000000 | 00 00 00 00 00 00 00 00
x14=0x0000000000000001 is an unknown value
x15=0x000000010cc91f98: OBJC_CLASS_$_GlassRunnable+0 in /Library/Java/JavaVirtualMachines/javafx-sdk-17.0.1/lib/libglass.dylib at 0x000000010cc4c000
x16=0x00000001c6f94340: pthread_getspecific+0 in /usr/lib/system/libsystem_pthread.dylib at 0x00000001c6f92000
x17=0x00006000026081e0 points into unknown readable memory: 0xfffffffffffffffe | fe ff ff ff ff ff ff ff
x18=0x0 is NULL
x19=0x000060000291c4d0 points into unknown readable memory: 0x0000600000001380 | 80 13 00 00 00 60 00 00
x20=0x000000011ce05f40 points into unknown readable memory: 0x9392cf9623b5fec3 | c3 fe b5 23 96 cf 92 93
x21=0x000000011ce06148 is a global jni handle
x22=0x000000011e8eaa00 is a thread
x23=0x0000000000000001 is an unknown value
x24=0x000000011ce06100 is a global jni handle
x25=0x00000001044155d8: _ZN12StubRoutines17_safefetchN_entryE+0 in /Library/Java/JavaVirtualMachines/jdk-17.0.1.jdk/Contents/Home/lib/server/libjvm.dylib at 0x0000000103884000
x26=0x000000010c518000 is pointing into metadata
x27=0x0 is NULL
x28=0x000000011e8eaa00 is a thread


Registers:
 x0=0x000000011ce06148  x1=0x0000000000000000  x2=0x0000000787fe4630  x3=0x0000000000000000
 x4=0x00000000000130a8  x5=0x0000000000000000  x6=0x0000000000000000  x7=0x0000000000000000
 x8=0x00000001280014ec  x9=0x0000000000000000 x10=0x2010000030300000 x11=0x0000000000000007
x12=0x0000000000000000 x13=0x0000600002c227f0 x14=0x0000000000000001 x15=0x000000010cc91f98
x16=0x00000001c6f94340 x17=0x00006000026081e0 x18=0x0000000000000000 x19=0x000060000291c4d0
x20=0x000000011ce05f40 x21=0x000000011ce06148 x22=0x000000011e8eaa00 x23=0x0000000000000001
x24=0x000000011ce06100 x25=0x00000001044155d8 x26=0x000000010c518000 x27=0x0000000000000000
x28=0x000000011e8eaa00  fp=0x00000001704527f0  lr=0x0000000104020fd8  sp=0x00000001704527b0
pc=0x00000001280014f0 cpsr=0x0000000060001000
Top of Stack: (sp=0x00000001704527b0)
0x00000001704527b0:   000000010c518000 0000000000000001
0x00000001704527c0:   00000001704529a8 0000600000008540
0x00000001704527d0:   0000000000000000 000000011ce06130
0x00000001704527e0:   000000011ce06130 000060000291c4d0
0x00000001704527f0:   0000000170452830 0000000104022208
0x0000000170452800:   0000000000000001 000000011ce06130
0x0000000170452810:   0000000000000000 000000011ce06130
0x0000000170452820:   0000000000000001 000000011e8eb000
0x0000000170452830:   0000000170452860 0000000103d3cf30
0x0000000170452840:   0000600000008530 00000002111c19f4
0x0000000170452850:   0000000000000000 0000600000008530
0x0000000170452860:   0000000170452890 000000010cc56b08
0x0000000170452870:   fd7ac9c08355003f 0000000000000000
0x0000000170452880:   0000000000000000 00006000017352c0
0x0000000170452890:   00000001704528d0 00000001c7f5ce0c
0x00000001704528a0:   00000001704529a8 0000600000008540
0x00000001704528b0:   0000600000008530 fd7ac9c08355003f
0x00000001704528c0:   0000000000000000 0000000000000000
0x00000001704528d0:   0000000170452910 df5f0001c7f295e8
0x00000001704528e0:   00000001704529a8 00000001280087c0
0x00000001704528f0:   0000000000000000 000000010441cf90
0x0000000170452900:   0000000170452920 0000000128007730
0x0000000170452910:   0000000170452980 320a8001280098ac
0x0000000170452920:   0000000170452988 000000010c13ac38
0x0000000170452930:   0000000170452930 0000000000000000
0x0000000170452940:   00000001704529a8 000000010c518000
0x0000000170452950:   0000000784f32938 0000000000000000
0x0000000170452960:   0000000000000000 000000010c4f3368
0x0000000170452970:   0000000000000000 0000000170452980
0x0000000170452980:   0000000170452a00 0000000128005fc8
0x0000000170452990:   0000000000000000 0000000000000000
0x00000001704529a0:   0000000787fe4630 0000000784f329b0 

Instructions: (pc=0x00000001280014f0)
0x00000001280013f0:   f2a087c9 f2c00029 6d425935 1e640886
0x0000000128001400:   0c402d31 1e6408c7 1f5654d0 1e6c1017
0x0000000128001410:   1f5050d0 1f504cd0 1f5048d0 1e650af6
0x0000000128001420:   1f50d8f6 1f5694d6 1f5158f6 1e762880
0x0000000128001430:   36000501 1e614000 14000026 2e251ca5
0x0000000128001440:   d2843009 f2a087c9 f2c00029 6d425d36
0x0000000128001450:   1e600806 0c402d32 1f5758c7 1e6c101a
0x0000000128001460:   1f4754c7 1e650805 1f4750c7 d2866668
0x0000000128001470:   f2a7fa68 1f474cc7 1e6608c0 1f4748c7
0x0000000128001480:   1e6e1019 eb08007f 540000ac 1f479400
0x0000000128001490:   1f460340 1e603b20 1400000e d2a7fd29
0x00000001280014a0:   eb09007f 540000ac 51480069 d3607d29
0x00000001280014b0:   9e670121 14000002 1e6a5001 1f679417
0x00000001280014c0:   1f668742 1e613b23 1e773857 1e773860
0x00000001280014d0:   a8c17ff3 910003bf a8c17bfd d65f03c0
0x00000001280014e0:   b9400001 aa0103e0 d65f03c0 f9400001
0x00000001280014f0:   aa0103e0 d65f03c0 00000000 00000000
0x0000000128001500:   00000000 00000000 00000000 00000000
0x0000000128001510:   00000000 00000000 00000000 00000000
0x0000000128001520:   00000000 00000000 00000000 00000000
0x0000000128001530:   00000000 00000000 00000000 00000000
0x0000000128001540:   00000000 00000000 00000000 00000000
0x0000000128001550:   00000000 00000000 00000000 00000000
0x0000000128001560:   00000000 00000000 00000000 00000000
0x0000000128001570:   00000000 00000000 00000000 00000000
0x0000000128001580:   00000000 00000000 00000000 00000000
0x0000000128001590:   00000000 00000000 00000000 00000000
0x00000001280015a0:   00000000 00000000 00000000 00000000
0x00000001280015b0:   00000000 00000000 00000000 00000000
0x00000001280015c0:   00000000 00000000 00000000 00000000
0x00000001280015d0:   00000000 00000000 00000000 00000000
0x00000001280015e0:   00000000 00000000 00000000 00000000 


Stack slot to memory mapping:
stack at sp + 0 slots: 0x000000010c518000 is pointing into metadata
stack at sp + 1 slots: 0x0000000000000001 is an unknown value
stack at sp + 2 slots: 0x00000001704529a8 is pointing into the stack for thread: 0x000000011e8eaa00
stack at sp + 3 slots: 0x0000600000008540 points into unknown readable memory: 0x010000021fc76081 | 81 60 c7 1f 02 00 00 01
stack at sp + 4 slots: 0x0 is NULL
stack at sp + 5 slots: 0x000000011ce06130 is a global jni handle
stack at sp + 6 slots: 0x000000011ce06130 is a global jni handle
stack at sp + 7 slots: 0x000060000291c4d0 points into unknown readable memory: 0x0000600000001380 | 80 13 00 00 00 60 00 00

StubRoutines::SafeFetchN [0x00000001280014ec, 0x00000001280014f8] (12 bytes)
[MachCode]
  0x00000001280014ec: 0100 40f9 | e003 01aa | c003 5fd6 
[/MachCode]

---------------  P R O C E S S  ---------------

Threads class SMR info:
_java_thread_list=0x00006000002f8c20, length=20, elements={
0x000000010d008a00, 0x000000011d80a200, 0x000000011d808800, 0x000000011d00f800,
0x000000011d00d000, 0x000000011d00fe00, 0x000000011d010400, 0x000000011d013000,
0x000000011d01b600, 0x000000011d815400, 0x000000010d0b3400, 0x000000010d0bb200,
0x000000010d009000, 0x000000011e8eaa00, 0x000000011e8eb000, 0x000000011d0da600,
0x000000010d191a00, 0x000000010d24c000, 0x000000011dd08400, 0x000000011e98f400
}

Java Threads: ( => current thread )
  0x000000010d008a00 JavaThread "main" [_thread_blocked, id=5891, stack(0x000000016d848000,0x000000016da4b000)]
  0x000000011d80a200 JavaThread "Reference Handler" daemon [_thread_blocked, id=16131, stack(0x000000016e69c000,0x000000016e89f000)]
  0x000000011d808800 JavaThread "Finalizer" daemon [_thread_blocked, id=17411, stack(0x000000016e8a8000,0x000000016eaab000)]
  0x000000011d00f800 JavaThread "Signal Dispatcher" daemon [_thread_blocked, id=42499, stack(0x000000016ebcc000,0x000000016edcf000)]
  0x000000011d00d000 JavaThread "Service Thread" daemon [_thread_blocked, id=41987, stack(0x000000016edd8000,0x000000016efdb000)]
  0x000000011d00fe00 JavaThread "Monitor Deflation Thread" daemon [_thread_blocked, id=23043, stack(0x000000016efe4000,0x000000016f1e7000)]
  0x000000011d010400 JavaThread "C2 CompilerThread0" daemon [_thread_blocked, id=23299, stack(0x000000016f1f0000,0x000000016f3f3000)]
  0x000000011d013000 JavaThread "C1 CompilerThread0" daemon [_thread_blocked, id=23555, stack(0x000000016f3fc000,0x000000016f5ff000)]
  0x000000011d01b600 JavaThread "Sweeper thread" daemon [_thread_blocked, id=24067, stack(0x000000016f608000,0x000000016f80b000)]
  0x000000011d815400 JavaThread "Common-Cleaner" daemon [_thread_blocked, id=40707, stack(0x000000016f814000,0x000000016fa17000)]
  0x000000010d0b3400 JavaThread "Monitor Ctrl-Break" daemon [_thread_in_native, id=40195, stack(0x000000016fa20000,0x000000016fc23000)]
  0x000000010d0bb200 JavaThread "Notification Thread" daemon [_thread_blocked, id=39939, stack(0x000000016fc2c000,0x000000016fe2f000)]
  0x000000010d009000 JavaThread "QuantumRenderer-0" daemon [_thread_blocked, id=25347, stack(0x0000000170044000,0x0000000170247000)]
=>0x000000011e8eaa00 JavaThread "InvokeLaterDispatcher" daemon [_thread_in_native, id=30735, stack(0x0000000170250000,0x0000000170453000)]
  0x000000011e8eb000 JavaThread "JavaFX Application Thread" [_thread_in_native, id=259, stack(0x000000016cfc0000,0x000000016d7bc000)]
  0x000000011d0da600 JavaThread "JavaFX-Launcher" [_thread_blocked, id=51219, stack(0x00000001706f4000,0x00000001708f7000)]
  0x000000010d191a00 JavaThread "PulseTimer-CVDisplayLink thread" daemon [_thread_in_native, id=50947, stack(0x000000017045c000,0x00000001704df000)]
  0x000000010d24c000 JavaThread "Prism Font Disposer" daemon [_thread_blocked, id=88843, stack(0x0000000175b24000,0x0000000175d27000)]
  0x000000011dd08400 JavaThread "Cleaner-0" daemon [_thread_blocked, id=172831, stack(0x0000000175dbc000,0x0000000175fbf000)]
  0x000000011e98f400 JavaThread "Attach Listener" daemon [_thread_blocked, id=1339, stack(0x0000000175fc8000,0x00000001761cb000)]

Other Threads:
  0x000000010ce0d7c0 VMThread "VM Thread" [stack: 0x000000016e490000,0x000000016e693000] [id=17667]
  0x000000010ce29640 WatcherThread [stack: 0x000000016fe38000,0x000000017003b000] [id=24835]
  0x000000010ce06530 GCTaskThread "GC Thread#0" [stack: 0x000000016da54000,0x000000016dc57000] [id=20483]
  0x000000010ce3df40 GCTaskThread "GC Thread#1" [stack: 0x0000000170900000,0x0000000170b03000] [id=52739]
  0x000000010ce3e3c0 GCTaskThread "GC Thread#2" [stack: 0x0000000170b0c000,0x0000000170d0f000] [id=76035]
  0x000000010ce3e840 GCTaskThread "GC Thread#3" [stack: 0x0000000170d18000,0x0000000170f1b000] [id=52995]
  0x000000010ce3ecc0 GCTaskThread "GC Thread#4" [stack: 0x0000000170f24000,0x0000000171127000] [id=75523]
  0x000000011ce20890 GCTaskThread "GC Thread#5" [stack: 0x0000000171130000,0x0000000171333000] [id=75011]
  0x000000011ce45c30 GCTaskThread "GC Thread#6" [stack: 0x0000000176260000,0x0000000176463000] [id=91139]
  0x000000011ce460b0 GCTaskThread "GC Thread#7" [stack: 0x000000017646c000,0x000000017666f000] [id=166403]
  0x000000010ce06be0 ConcurrentGCThread "G1 Main Marker" [stack: 0x000000016dc60000,0x000000016de63000] [id=20227]
  0x000000010ce07460 ConcurrentGCThread "G1 Conc#0" [stack: 0x000000016de6c000,0x000000016e06f000] [id=13571]
  0x000000010ce092d0 ConcurrentGCThread "G1 Refine#0" [stack: 0x000000016e078000,0x000000016e27b000] [id=19203]
  0x000000011e03cf00 ConcurrentGCThread "G1 Refine#1" [stack: 0x0000000176678000,0x000000017687b000] [id=91651]
  0x000000010ce66b40 ConcurrentGCThread "G1 Refine#2" [stack: 0x0000000176884000,0x0000000176a87000] [id=91907]
  0x000000010c905c20 ConcurrentGCThread "G1 Refine#3" [stack: 0x0000000176a90000,0x0000000176c93000] [id=92163]
  0x000000010cd04c30 ConcurrentGCThread "G1 Refine#4" [stack: 0x0000000176c9c000,0x0000000176e9f000] [id=164099]
  0x000000010cd050e0 ConcurrentGCThread "G1 Refine#5" [stack: 0x0000000176ea8000,0x00000001770ab000] [id=163587]
  0x000000010ce09b70 ConcurrentGCThread "G1 Service" [stack: 0x000000016e284000,0x000000016e487000] [id=18947]

Threads with active compile tasks:

VM state: not at safepoint (normal execution)

VM Mutex/Monitor currently owned by a thread: None

Heap address: 0x0000000780000000, size: 2048 MB, Compressed Oops mode: Zero based, Oop shift amount: 3

CDS archive(s) mapped at: [0x0000000800000000-0x0000000800bd4000-0x0000000800bd4000), size 12402688, SharedBaseAddress: 0x0000000800000000, ArchiveRelocationMode: 0.
Compressed class space mapped at: 0x0000000800c00000-0x0000000840c00000, reserved size: 1073741824
Narrow klass base: 0x0000000800000000, Narrow klass shift: 0, Narrow klass range: 0x100000000

GC Precious Log:
 CPUs: 8 total, 8 available
 Memory: 8192M
 Large Page Support: Disabled
 NUMA Support: Disabled
 Compressed Oops: Enabled (Zero based)
 Heap Region Size: 1M
 Heap Min Capacity: 8M
 Heap Initial Capacity: 128M
 Heap Max Capacity: 2G
 Pre-touch: Disabled
 Parallel Workers: 8
 Concurrent Workers: 2
 Concurrent Refinement Workers: 8
 Periodic GC: Disabled

Heap:
 garbage-first heap   total 133120K, used 12604K [0x0000000780000000, 0x0000000800000000)
  region size 1024K, 8 young (8192K), 6 survivors (6144K)
 Metaspace       used 16029K, committed 16192K, reserved 1064960K
  class space    used 2464K, committed 2560K, reserved 1048576K

Heap Regions: E=young(eden), S=young(survivor), O=old, HS=humongous(starts), HC=humongous(continues), CS=collection set, F=free, OA=open archive, CA=closed archive, TAMS=top-at-mark-start (previous, next)
|   0|0x0000000780000000, 0x0000000780100000, 0x0000000780100000|100%|HS|  |TAMS 0x0000000780000000, 0x0000000780000000| Complete 
|   1|0x0000000780100000, 0x0000000780200000, 0x0000000780200000|100%|HC|  |TAMS 0x0000000780100000, 0x0000000780100000| Complete 
|   2|0x0000000780200000, 0x0000000780300000, 0x0000000780300000|100%| O|  |TAMS 0x0000000780200000, 0x0000000780200000| Untracked 
|   3|0x0000000780300000, 0x0000000780400000, 0x0000000780400000|100%| O|  |TAMS 0x0000000780300000, 0x0000000780300000| Untracked 
|   4|0x0000000780400000, 0x0000000780457208, 0x0000000780500000| 34%| O|  |TAMS 0x0000000780400000, 0x0000000780400000| Untracked 
|   5|0x0000000780500000, 0x0000000780500000, 0x0000000780600000|  0%| F|  |TAMS 0x0000000780500000, 0x0000000780500000| Untracked 
|   6|0x0000000780600000, 0x0000000780600000, 0x0000000780700000|  0%| F|  |TAMS 0x0000000780600000, 0x0000000780600000| Untracked 
|   7|0x0000000780700000, 0x0000000780700000, 0x0000000780800000|  0%| F|  |TAMS 0x0000000780700000, 0x0000000780700000| Untracked 
|   8|0x0000000780800000, 0x0000000780800000, 0x0000000780900000|  0%| F|  |TAMS 0x0000000780800000, 0x0000000780800000| Untracked 
|   9|0x0000000780900000, 0x0000000780900000, 0x0000000780a00000|  0%| F|  |TAMS 0x0000000780900000, 0x0000000780900000| Untracked 
|  10|0x0000000780a00000, 0x0000000780a00000, 0x0000000780b00000|  0%| F|  |TAMS 0x0000000780a00000, 0x0000000780a00000| Untracked 
|  11|0x0000000780b00000, 0x0000000780b00000, 0x0000000780c00000|  0%| F|  |TAMS 0x0000000780b00000, 0x0000000780b00000| Untracked 
|  12|0x0000000780c00000, 0x0000000780c00000, 0x0000000780d00000|  0%| F|  |TAMS 0x0000000780c00000, 0x0000000780c00000| Untracked 
|  13|0x0000000780d00000, 0x0000000780d00000, 0x0000000780e00000|  0%| F|  |TAMS 0x0000000780d00000, 0x0000000780d00000| Untracked 
|  14|0x0000000780e00000, 0x0000000780e00000, 0x0000000780f00000|  0%| F|  |TAMS 0x0000000780e00000, 0x0000000780e00000| Untracked 
|  15|0x0000000780f00000, 0x0000000780f00000, 0x0000000781000000|  0%| F|  |TAMS 0x0000000780f00000, 0x0000000780f00000| Untracked 
|  16|0x0000000781000000, 0x0000000781000000, 0x0000000781100000|  0%| F|  |TAMS 0x0000000781000000, 0x0000000781000000| Untracked 
|  17|0x0000000781100000, 0x0000000781100000, 0x0000000781200000|  0%| F|  |TAMS 0x0000000781100000, 0x0000000781100000| Untracked 
|  18|0x0000000781200000, 0x0000000781200000, 0x0000000781300000|  0%| F|  |TAMS 0x0000000781200000, 0x0000000781200000| Untracked 
|  19|0x0000000781300000, 0x0000000781300000, 0x0000000781400000|  0%| F|  |TAMS 0x0000000781300000, 0x0000000781300000| Untracked 
|  20|0x0000000781400000, 0x0000000781400000, 0x0000000781500000|  0%| F|  |TAMS 0x0000000781400000, 0x0000000781400000| Untracked 
|  21|0x0000000781500000, 0x0000000781500000, 0x0000000781600000|  0%| F|  |TAMS 0x0000000781500000, 0x0000000781500000| Untracked 
|  22|0x0000000781600000, 0x0000000781600000, 0x0000000781700000|  0%| F|  |TAMS 0x0000000781600000, 0x0000000781600000| Untracked 
|  23|0x0000000781700000, 0x0000000781700000, 0x0000000781800000|  0%| F|  |TAMS 0x0000000781700000, 0x0000000781700000| Untracked 
|  24|0x0000000781800000, 0x0000000781800000, 0x0000000781900000|  0%| F|  |TAMS 0x0000000781800000, 0x0000000781800000| Untracked 
|  25|0x0000000781900000, 0x0000000781900000, 0x0000000781a00000|  0%| F|  |TAMS 0x0000000781900000, 0x0000000781900000| Untracked 
|  26|0x0000000781a00000, 0x0000000781a00000, 0x0000000781b00000|  0%| F|  |TAMS 0x0000000781a00000, 0x0000000781a00000| Untracked 
|  27|0x0000000781b00000, 0x0000000781b00000, 0x0000000781c00000|  0%| F|  |TAMS 0x0000000781b00000, 0x0000000781b00000| Untracked 
|  28|0x0000000781c00000, 0x0000000781c00000, 0x0000000781d00000|  0%| F|  |TAMS 0x0000000781c00000, 0x0000000781c00000| Untracked 
|  29|0x0000000781d00000, 0x0000000781d00000, 0x0000000781e00000|  0%| F|  |TAMS 0x0000000781d00000, 0x0000000781d00000| Untracked 
|  30|0x0000000781e00000, 0x0000000781e00000, 0x0000000781f00000|  0%| F|  |TAMS 0x0000000781e00000, 0x0000000781e00000| Untracked 
|  31|0x0000000781f00000, 0x0000000781f00000, 0x0000000782000000|  0%| F|  |TAMS 0x0000000781f00000, 0x0000000781f00000| Untracked 
|  32|0x0000000782000000, 0x0000000782000000, 0x0000000782100000|  0%| F|  |TAMS 0x0000000782000000, 0x0000000782000000| Untracked 
|  33|0x0000000782100000, 0x0000000782100000, 0x0000000782200000|  0%| F|  |TAMS 0x0000000782100000, 0x0000000782100000| Untracked 
|  34|0x0000000782200000, 0x0000000782200000, 0x0000000782300000|  0%| F|  |TAMS 0x0000000782200000, 0x0000000782200000| Untracked 
|  35|0x0000000782300000, 0x0000000782300000, 0x0000000782400000|  0%| F|  |TAMS 0x0000000782300000, 0x0000000782300000| Untracked 
|  36|0x0000000782400000, 0x0000000782400000, 0x0000000782500000|  0%| F|  |TAMS 0x0000000782400000, 0x0000000782400000| Untracked 
|  37|0x0000000782500000, 0x0000000782500000, 0x0000000782600000|  0%| F|  |TAMS 0x0000000782500000, 0x0000000782500000| Untracked 
|  38|0x0000000782600000, 0x0000000782600000, 0x0000000782700000|  0%| F|  |TAMS 0x0000000782600000, 0x0000000782600000| Untracked 
|  39|0x0000000782700000, 0x0000000782700000, 0x0000000782800000|  0%| F|  |TAMS 0x0000000782700000, 0x0000000782700000| Untracked 
|  40|0x0000000782800000, 0x0000000782800000, 0x0000000782900000|  0%| F|  |TAMS 0x0000000782800000, 0x0000000782800000| Untracked 
|  41|0x0000000782900000, 0x0000000782900000, 0x0000000782a00000|  0%| F|  |TAMS 0x0000000782900000, 0x0000000782900000| Untracked 
|  42|0x0000000782a00000, 0x0000000782a00000, 0x0000000782b00000|  0%| F|  |TAMS 0x0000000782a00000, 0x0000000782a00000| Untracked 
|  43|0x0000000782b00000, 0x0000000782b00000, 0x0000000782c00000|  0%| F|  |TAMS 0x0000000782b00000, 0x0000000782b00000| Untracked 
|  44|0x0000000782c00000, 0x0000000782c00000, 0x0000000782d00000|  0%| F|  |TAMS 0x0000000782c00000, 0x0000000782c00000| Untracked 
|  45|0x0000000782d00000, 0x0000000782d00000, 0x0000000782e00000|  0%| F|  |TAMS 0x0000000782d00000, 0x0000000782d00000| Untracked 
|  46|0x0000000782e00000, 0x0000000782e00000, 0x0000000782f00000|  0%| F|  |TAMS 0x0000000782e00000, 0x0000000782e00000| Untracked 
|  47|0x0000000782f00000, 0x0000000782f00000, 0x0000000783000000|  0%| F|  |TAMS 0x0000000782f00000, 0x0000000782f00000| Untracked 
|  48|0x0000000783000000, 0x0000000783000000, 0x0000000783100000|  0%| F|  |TAMS 0x0000000783000000, 0x0000000783000000| Untracked 
|  49|0x0000000783100000, 0x0000000783100000, 0x0000000783200000|  0%| F|  |TAMS 0x0000000783100000, 0x0000000783100000| Untracked 
|  50|0x0000000783200000, 0x0000000783200000, 0x0000000783300000|  0%| F|  |TAMS 0x0000000783200000, 0x0000000783200000| Untracked 
|  51|0x0000000783300000, 0x0000000783300000, 0x0000000783400000|  0%| F|  |TAMS 0x0000000783300000, 0x0000000783300000| Untracked 
|  52|0x0000000783400000, 0x0000000783400000, 0x0000000783500000|  0%| F|  |TAMS 0x0000000783400000, 0x0000000783400000| Untracked 
|  53|0x0000000783500000, 0x0000000783500000, 0x0000000783600000|  0%| F|  |TAMS 0x0000000783500000, 0x0000000783500000| Untracked 
|  54|0x0000000783600000, 0x0000000783600000, 0x0000000783700000|  0%| F|  |TAMS 0x0000000783600000, 0x0000000783600000| Untracked 
|  55|0x0000000783700000, 0x0000000783700000, 0x0000000783800000|  0%| F|  |TAMS 0x0000000783700000, 0x0000000783700000| Untracked 
|  56|0x0000000783800000, 0x0000000783800000, 0x0000000783900000|  0%| F|  |TAMS 0x0000000783800000, 0x0000000783800000| Untracked 
|  57|0x0000000783900000, 0x0000000783900000, 0x0000000783a00000|  0%| F|  |TAMS 0x0000000783900000, 0x0000000783900000| Untracked 
|  58|0x0000000783a00000, 0x0000000783a00000, 0x0000000783b00000|  0%| F|  |TAMS 0x0000000783a00000, 0x0000000783a00000| Untracked 
|  59|0x0000000783b00000, 0x0000000783b00000, 0x0000000783c00000|  0%| F|  |TAMS 0x0000000783b00000, 0x0000000783b00000| Untracked 
|  60|0x0000000783c00000, 0x0000000783c00000, 0x0000000783d00000|  0%| F|  |TAMS 0x0000000783c00000, 0x0000000783c00000| Untracked 
|  61|0x0000000783d00000, 0x0000000783d00000, 0x0000000783e00000|  0%| F|  |TAMS 0x0000000783d00000, 0x0000000783d00000| Untracked 
|  62|0x0000000783e00000, 0x0000000783e00000, 0x0000000783f00000|  0%| F|  |TAMS 0x0000000783e00000, 0x0000000783e00000| Untracked 
|  63|0x0000000783f00000, 0x0000000783f00000, 0x0000000784000000|  0%| F|  |TAMS 0x0000000783f00000, 0x0000000783f00000| Untracked 
|  64|0x0000000784000000, 0x0000000784000000, 0x0000000784100000|  0%| F|  |TAMS 0x0000000784000000, 0x0000000784000000| Untracked 
|  65|0x0000000784100000, 0x0000000784100000, 0x0000000784200000|  0%| F|  |TAMS 0x0000000784100000, 0x0000000784100000| Untracked 
|  66|0x0000000784200000, 0x0000000784200000, 0x0000000784300000|  0%| F|  |TAMS 0x0000000784200000, 0x0000000784200000| Untracked 
|  67|0x0000000784300000, 0x0000000784300000, 0x0000000784400000|  0%| F|  |TAMS 0x0000000784300000, 0x0000000784300000| Untracked 
|  68|0x0000000784400000, 0x0000000784400000, 0x0000000784500000|  0%| F|  |TAMS 0x0000000784400000, 0x0000000784400000| Untracked 
|  69|0x0000000784500000, 0x0000000784500000, 0x0000000784600000|  0%| F|  |TAMS 0x0000000784500000, 0x0000000784500000| Untracked 
|  70|0x0000000784600000, 0x0000000784600000, 0x0000000784700000|  0%| F|  |TAMS 0x0000000784600000, 0x0000000784600000| Untracked 
|  71|0x0000000784700000, 0x0000000784700000, 0x0000000784800000|  0%| F|  |TAMS 0x0000000784700000, 0x0000000784700000| Untracked 
|  72|0x0000000784800000, 0x0000000784800000, 0x0000000784900000|  0%| F|  |TAMS 0x0000000784800000, 0x0000000784800000| Untracked 
|  73|0x0000000784900000, 0x0000000784900000, 0x0000000784a00000|  0%| F|  |TAMS 0x0000000784900000, 0x0000000784900000| Untracked 
|  74|0x0000000784a00000, 0x0000000784b00000, 0x0000000784b00000|100%| S|CS|TAMS 0x0000000784a00000, 0x0000000784a00000| Complete 
|  75|0x0000000784b00000, 0x0000000784c00000, 0x0000000784c00000|100%| S|CS|TAMS 0x0000000784b00000, 0x0000000784b00000| Complete 
|  76|0x0000000784c00000, 0x0000000784d00000, 0x0000000784d00000|100%| S|CS|TAMS 0x0000000784c00000, 0x0000000784c00000| Complete 
|  77|0x0000000784d00000, 0x0000000784e00000, 0x0000000784e00000|100%| S|CS|TAMS 0x0000000784d00000, 0x0000000784d00000| Complete 
|  78|0x0000000784e00000, 0x0000000784f00000, 0x0000000784f00000|100%| S|CS|TAMS 0x0000000784e00000, 0x0000000784e00000| Complete 
|  79|0x0000000784f00000, 0x0000000785000000, 0x0000000785000000|100%| S|CS|TAMS 0x0000000784f00000, 0x0000000784f00000| Complete 
|  80|0x0000000785000000, 0x0000000785000000, 0x0000000785100000|  0%| F|  |TAMS 0x0000000785000000, 0x0000000785000000| Untracked 
|  81|0x0000000785100000, 0x0000000785100000, 0x0000000785200000|  0%| F|  |TAMS 0x0000000785100000, 0x0000000785100000| Untracked 
|  82|0x0000000785200000, 0x0000000785200000, 0x0000000785300000|  0%| F|  |TAMS 0x0000000785200000, 0x0000000785200000| Untracked 
|  83|0x0000000785300000, 0x0000000785300000, 0x0000000785400000|  0%| F|  |TAMS 0x0000000785300000, 0x0000000785300000| Untracked 
|  84|0x0000000785400000, 0x0000000785400000, 0x0000000785500000|  0%| F|  |TAMS 0x0000000785400000, 0x0000000785400000| Untracked 
|  85|0x0000000785500000, 0x0000000785500000, 0x0000000785600000|  0%| F|  |TAMS 0x0000000785500000, 0x0000000785500000| Untracked 
|  86|0x0000000785600000, 0x0000000785600000, 0x0000000785700000|  0%| F|  |TAMS 0x0000000785600000, 0x0000000785600000| Untracked 
|  87|0x0000000785700000, 0x0000000785700000, 0x0000000785800000|  0%| F|  |TAMS 0x0000000785700000, 0x0000000785700000| Untracked 
|  88|0x0000000785800000, 0x0000000785800000, 0x0000000785900000|  0%| F|  |TAMS 0x0000000785800000, 0x0000000785800000| Untracked 
|  89|0x0000000785900000, 0x0000000785900000, 0x0000000785a00000|  0%| F|  |TAMS 0x0000000785900000, 0x0000000785900000| Untracked 
|  90|0x0000000785a00000, 0x0000000785a00000, 0x0000000785b00000|  0%| F|  |TAMS 0x0000000785a00000, 0x0000000785a00000| Untracked 
|  91|0x0000000785b00000, 0x0000000785b00000, 0x0000000785c00000|  0%| F|  |TAMS 0x0000000785b00000, 0x0000000785b00000| Untracked 
|  92|0x0000000785c00000, 0x0000000785c00000, 0x0000000785d00000|  0%| F|  |TAMS 0x0000000785c00000, 0x0000000785c00000| Untracked 
|  93|0x0000000785d00000, 0x0000000785d00000, 0x0000000785e00000|  0%| F|  |TAMS 0x0000000785d00000, 0x0000000785d00000| Untracked 
|  94|0x0000000785e00000, 0x0000000785e00000, 0x0000000785f00000|  0%| F|  |TAMS 0x0000000785e00000, 0x0000000785e00000| Untracked 
|  95|0x0000000785f00000, 0x0000000785f00000, 0x0000000786000000|  0%| F|  |TAMS 0x0000000785f00000, 0x0000000785f00000| Untracked 
|  96|0x0000000786000000, 0x0000000786000000, 0x0000000786100000|  0%| F|  |TAMS 0x0000000786000000, 0x0000000786000000| Untracked 
|  97|0x0000000786100000, 0x0000000786100000, 0x0000000786200000|  0%| F|  |TAMS 0x0000000786100000, 0x0000000786100000| Untracked 
|  98|0x0000000786200000, 0x0000000786200000, 0x0000000786300000|  0%| F|  |TAMS 0x0000000786200000, 0x0000000786200000| Untracked 
|  99|0x0000000786300000, 0x0000000786300000, 0x0000000786400000|  0%| F|  |TAMS 0x0000000786300000, 0x0000000786300000| Untracked 
| 100|0x0000000786400000, 0x0000000786400000, 0x0000000786500000|  0%| F|  |TAMS 0x0000000786400000, 0x0000000786400000| Untracked 
| 101|0x0000000786500000, 0x0000000786500000, 0x0000000786600000|  0%| F|  |TAMS 0x0000000786500000, 0x0000000786500000| Untracked 
| 102|0x0000000786600000, 0x0000000786600000, 0x0000000786700000|  0%| F|  |TAMS 0x0000000786600000, 0x0000000786600000| Untracked 
| 103|0x0000000786700000, 0x0000000786700000, 0x0000000786800000|  0%| F|  |TAMS 0x0000000786700000, 0x0000000786700000| Untracked 
| 104|0x0000000786800000, 0x0000000786800000, 0x0000000786900000|  0%| F|  |TAMS 0x0000000786800000, 0x0000000786800000| Untracked 
| 105|0x0000000786900000, 0x0000000786900000, 0x0000000786a00000|  0%| F|  |TAMS 0x0000000786900000, 0x0000000786900000| Untracked 
| 106|0x0000000786a00000, 0x0000000786a00000, 0x0000000786b00000|  0%| F|  |TAMS 0x0000000786a00000, 0x0000000786a00000| Untracked 
| 107|0x0000000786b00000, 0x0000000786b00000, 0x0000000786c00000|  0%| F|  |TAMS 0x0000000786b00000, 0x0000000786b00000| Untracked 
| 108|0x0000000786c00000, 0x0000000786c00000, 0x0000000786d00000|  0%| F|  |TAMS 0x0000000786c00000, 0x0000000786c00000| Untracked 
| 109|0x0000000786d00000, 0x0000000786d00000, 0x0000000786e00000|  0%| F|  |TAMS 0x0000000786d00000, 0x0000000786d00000| Untracked 
| 110|0x0000000786e00000, 0x0000000786e00000, 0x0000000786f00000|  0%| F|  |TAMS 0x0000000786e00000, 0x0000000786e00000| Untracked 
| 111|0x0000000786f00000, 0x0000000786f00000, 0x0000000787000000|  0%| F|  |TAMS 0x0000000786f00000, 0x0000000786f00000| Untracked 
| 112|0x0000000787000000, 0x0000000787000000, 0x0000000787100000|  0%| F|  |TAMS 0x0000000787000000, 0x0000000787000000| Untracked 
| 113|0x0000000787100000, 0x0000000787100000, 0x0000000787200000|  0%| F|  |TAMS 0x0000000787100000, 0x0000000787100000| Untracked 
| 114|0x0000000787200000, 0x0000000787200000, 0x0000000787300000|  0%| F|  |TAMS 0x0000000787200000, 0x0000000787200000| Untracked 
| 115|0x0000000787300000, 0x0000000787300000, 0x0000000787400000|  0%| F|  |TAMS 0x0000000787300000, 0x0000000787300000| Untracked 
| 116|0x0000000787400000, 0x0000000787400000, 0x0000000787500000|  0%| F|  |TAMS 0x0000000787400000, 0x0000000787400000| Untracked 
| 117|0x0000000787500000, 0x0000000787500000, 0x0000000787600000|  0%| F|  |TAMS 0x0000000787500000, 0x0000000787500000| Untracked 
| 118|0x0000000787600000, 0x0000000787600000, 0x0000000787700000|  0%| F|  |TAMS 0x0000000787600000, 0x0000000787600000| Untracked 
| 119|0x0000000787700000, 0x0000000787700000, 0x0000000787800000|  0%| F|  |TAMS 0x0000000787700000, 0x0000000787700000| Untracked 
| 120|0x0000000787800000, 0x0000000787800000, 0x0000000787900000|  0%| F|  |TAMS 0x0000000787800000, 0x0000000787800000| Untracked 
| 121|0x0000000787900000, 0x0000000787900000, 0x0000000787a00000|  0%| F|  |TAMS 0x0000000787900000, 0x0000000787900000| Untracked 
| 122|0x0000000787a00000, 0x0000000787a00000, 0x0000000787b00000|  0%| F|  |TAMS 0x0000000787a00000, 0x0000000787a00000| Untracked 
| 123|0x0000000787b00000, 0x0000000787b00000, 0x0000000787c00000|  0%| F|  |TAMS 0x0000000787b00000, 0x0000000787b00000| Untracked 
| 124|0x0000000787c00000, 0x0000000787c00000, 0x0000000787d00000|  0%| F|  |TAMS 0x0000000787c00000, 0x0000000787c00000| Untracked 
| 125|0x0000000787d00000, 0x0000000787d00000, 0x0000000787e00000|  0%| F|  |TAMS 0x0000000787d00000, 0x0000000787d00000| Untracked 
| 126|0x0000000787e00000, 0x0000000787edf9a8, 0x0000000787f00000| 87%| E|  |TAMS 0x0000000787e00000, 0x0000000787e00000| Complete 
| 127|0x0000000787f00000, 0x0000000788000000, 0x0000000788000000|100%| E|CS|TAMS 0x0000000787f00000, 0x0000000787f00000| Complete 
|2046|0x00000007ffe00000, 0x00000007ffe78000, 0x00000007fff00000| 46%|OA|  |TAMS 0x00000007ffe00000, 0x00000007ffe00000| Untracked 
|2047|0x00000007fff00000, 0x00000007fff80000, 0x0000000800000000| 50%|CA|  |TAMS 0x00000007fff00000, 0x00000007fff00000| Untracked 

Card table byte_map: [0x0000000102f70000,0x0000000103370000] _byte_map_base: 0x00000000ff370000

Marking Bits (Prev, Next): (CMBitMap*) 0x000000010d02dc10, (CMBitMap*) 0x000000010d02dc50
 Prev Bits: [0x000000010d800000, 0x000000010f800000)
 Next Bits: [0x0000000118000000, 0x000000011a000000)

Polling page: 0x00000001027c8000

Metaspace:

Usage:
  Non-class:     13.25 MB used.
      Class:      2.41 MB used.
       Both:     15.65 MB used.

Virtual space:
  Non-class space:       16.00 MB reserved,      13.31 MB ( 83%) committed,  2 nodes.
      Class space:        1.00 GB reserved,       2.50 MB ( <1%) committed,  1 nodes.
             Both:        1.02 GB reserved,      15.81 MB (  2%) committed. 

Chunk freelists:
   Non-Class:  1.69 MB
       Class:  1.50 MB
        Both:  3.19 MB

MaxMetaspaceSize: unlimited
CompressedClassSpaceSize: 1.00 GB
Initial GC threshold: 21.00 MB
Current GC threshold: 21.00 MB
CDS: on
MetaspaceReclaimPolicy: balanced
 - commit_granule_bytes: 65536.
 - commit_granule_words: 8192.
 - virtual_space_node_default_size: 1048576.
 - enlarge_chunks_in_place: 1.
 - new_chunks_are_fully_committed: 0.
 - uncommit_free_chunks: 1.
 - use_allocation_guard: 0.
 - handle_deallocations: 1.


Internal statistics:

num_allocs_failed_limit: 0.
num_arena_births: 166.
num_arena_deaths: 0.
num_vsnodes_births: 3.
num_vsnodes_deaths: 0.
num_space_committed: 253.
num_space_uncommitted: 0.
num_chunks_returned_to_freelist: 0.
num_chunks_taken_from_freelist: 721.
num_chunk_merges: 0.
num_chunk_splits: 508.
num_chunks_enlarged: 424.
num_purges: 0.
num_inconsistent_stats: 0.

CodeHeap 'non-profiled nmethods': size=120032Kb used=1236Kb max_used=1236Kb free=118795Kb
 bounds [0x000000012fac8000, 0x000000012fd38000, 0x0000000137000000]
CodeHeap 'profiled nmethods': size=120016Kb used=6222Kb max_used=6222Kb free=113793Kb
 bounds [0x0000000128594000, 0x0000000128bb4000, 0x000000012fac8000]
CodeHeap 'non-nmethods': size=5712Kb used=1386Kb max_used=1457Kb free=4325Kb
 bounds [0x0000000128000000, 0x0000000128270000, 0x0000000128594000]
 total_blobs=3834 nmethods=3056 adapters=694
 compilation: enabled
              stopped_count=0, restarted_count=0
 full_count=0

Compilation events (20 events):
Event: 2.418 Thread 0x000000011d013000 3129       1       com.sun.glass.ui.Screen::getPlatformX (5 bytes)
Event: 2.419 Thread 0x000000011d013000 nmethod 3129 0x000000012fbfb490 code [0x000000012fbfb600, 0x000000012fbfb6e8]
Event: 2.419 Thread 0x000000011d013000 3131       3       javafx.scene.Scene::getCamera (22 bytes)
Event: 2.419 Thread 0x000000011d013000 nmethod 3131 0x0000000128ba4390 code [0x0000000128ba4540, 0x0000000128ba48d8]
Event: 2.419 Thread 0x000000011d013000 3130       1       com.sun.glass.ui.Screen::getPlatformY (5 bytes)
Event: 2.419 Thread 0x000000011d013000 nmethod 3130 0x000000012fbfb790 code [0x000000012fbfb900, 0x000000012fbfb9e8]
Event: 2.426 Thread 0x000000011d013000 3132       3       javafx.geometry.Point2D::<init> (20 bytes)
Event: 2.427 Thread 0x000000011d013000 nmethod 3132 0x0000000128ba4a10 code [0x0000000128ba4bc0, 0x0000000128ba4d68]
Event: 2.466 Thread 0x000000011d010400 3133       4       com.sun.javafx.geom.RectBounds::deriveWithNewBounds (96 bytes)
Event: 2.468 Thread 0x000000011d010400 nmethod 3133 0x000000012fbfba90 code [0x000000012fbfbc40, 0x000000012fbfbd80]
Event: 2.482 Thread 0x000000011d013000 3134       1       com.sun.javafx.tk.quantum.GlassScene::getStage (5 bytes)
Event: 2.482 Thread 0x000000011d013000 nmethod 3134 0x000000012fbfbe90 code [0x000000012fbfc000, 0x000000012fbfc0e8]
Event: 2.483 Thread 0x000000011d013000 3135       1       javafx.scene.input.MouseEvent::getPickResult (5 bytes)
Event: 2.483 Thread 0x000000011d013000 nmethod 3135 0x000000012fbfc190 code [0x000000012fbfc300, 0x000000012fbfc3e8]
Event: 2.506 Thread 0x000000011d013000 3137       3       com.sun.javafx.css.BitSet::remove (171 bytes)
Event: 2.508 Thread 0x000000011d013000 nmethod 3137 0x0000000128ba4e90 code [0x0000000128ba5100, 0x0000000128ba5a28]
Event: 2.508 Thread 0x000000011d013000 3136       3       com.sun.javafx.css.PseudoClassState::remove (6 bytes)
Event: 2.508 Thread 0x000000011d013000 nmethod 3136 0x0000000128ba5c90 code [0x0000000128ba5e40, 0x0000000128ba5fd8]
Event: 2.515 Thread 0x000000011d010400 3138       4       com.sun.javafx.css.PseudoClassState::equals (6 bytes)
Event: 2.516 Thread 0x000000011d013000 3139       3       javafx.scene.layout.Region::normalize (420 bytes)

GC Heap History (4 events):
Event: 0.254 GC heap before
{Heap before GC invocations=0 (full 0):
 garbage-first heap   total 133120K, used 24544K [0x0000000780000000, 0x0000000800000000)
  region size 1024K, 23 young (23552K), 0 survivors (0K)
 Metaspace       used 5464K, committed 5632K, reserved 1056768K
  class space    used 706K, committed 768K, reserved 1048576K
}
Event: 0.255 GC heap after
{Heap after GC invocations=1 (full 0):
 garbage-first heap   total 133120K, used 3530K [0x0000000780000000, 0x0000000800000000)
  region size 1024K, 3 young (3072K), 3 survivors (3072K)
 Metaspace       used 5464K, committed 5632K, reserved 1056768K
  class space    used 706K, committed 768K, reserved 1048576K
}
Event: 2.283 GC heap before
{Heap before GC invocations=1 (full 0):
 garbage-first heap   total 133120K, used 50634K [0x0000000780000000, 0x0000000800000000)
  region size 1024K, 48 young (49152K), 3 survivors (3072K)
 Metaspace       used 16015K, committed 16192K, reserved 1064960K
  class space    used 2464K, committed 2560K, reserved 1048576K
}
Event: 2.291 GC heap after
{Heap after GC invocations=2 (full 0):
 garbage-first heap   total 133120K, used 11580K [0x0000000780000000, 0x0000000800000000)
  region size 1024K, 6 young (6144K), 6 survivors (6144K)
 Metaspace       used 16015K, committed 16192K, reserved 1064960K
  class space    used 2464K, committed 2560K, reserved 1048576K
}

Deoptimization events (20 events):
Event: 1.757 Thread 0x000000011e8eb000 DEOPT PACKING pc=0x000000012fb6aec4 sp=0x000000016d7b5b90
Event: 1.757 Thread 0x000000011e8eb000 DEOPT UNPACKING pc=0x000000012803ed1c sp=0x000000016d7b5ae0 mode 2
Event: 1.757 Thread 0x000000011e8eb000 Uncommon trap: trap_request=0xffffffd6 fr.pc=0x000000012fb6aec4 relative=0x0000000000002304
Event: 1.757 Thread 0x000000011e8eb000 Uncommon trap: reason=array_check action=maybe_recompile pc=0x000000012fb6aec4 method=javafx.css.SimpleSelector.applies(Ljavafx/css/Styleable;[Ljava/util/Set;I)Z @ 37 c2
Event: 1.757 Thread 0x000000011e8eb000 DEOPT PACKING pc=0x000000012fb6aec4 sp=0x000000016d7b5b30
Event: 1.757 Thread 0x000000011e8eb000 DEOPT UNPACKING pc=0x000000012803ed1c sp=0x000000016d7b5a80 mode 2
Event: 1.758 Thread 0x000000011e8eb000 Uncommon trap: trap_request=0xffffffd6 fr.pc=0x000000012fb86030 relative=0x0000000000000970
Event: 1.758 Thread 0x000000011e8eb000 Uncommon trap: reason=array_check action=maybe_recompile pc=0x000000012fb86030 method=javafx.css.SimpleSelector.applies(Ljavafx/css/Styleable;[Ljava/util/Set;I)Z @ 37 c2
Event: 1.758 Thread 0x000000011e8eb000 DEOPT PACKING pc=0x000000012fb86030 sp=0x000000016d7b5030
Event: 1.758 Thread 0x000000011e8eb000 DEOPT UNPACKING pc=0x000000012803ed1c sp=0x000000016d7b5000 mode 2
Event: 1.760 Thread 0x000000011e8eb000 Uncommon trap: trap_request=0xffffff45 fr.pc=0x000000012fb7bed8 relative=0x0000000000001918
Event: 1.760 Thread 0x000000011e8eb000 Uncommon trap: reason=unstable_if action=reinterpret pc=0x000000012fb7bed8 method=javafx.scene.CssStyleHelper.lookup(Ljavafx/css/Styleable;Ljavafx/css/CssMetaData;Lcom/sun/javafx/css/StyleMap;Ljava/util/Set;Ljavafx/css/Styleable;Lcom/sun/javafx/css/Calcul
Event: 1.760 Thread 0x000000011e8eb000 DEOPT PACKING pc=0x000000012fb7bed8 sp=0x000000016d7b6300
Event: 1.760 Thread 0x000000011e8eb000 DEOPT UNPACKING pc=0x000000012803ed1c sp=0x000000016d7b6270 mode 2
Event: 1.791 Thread 0x000000010d009000 DEOPT PACKING pc=0x00000001289d5968 sp=0x00000001702449b0
Event: 1.791 Thread 0x000000010d009000 DEOPT UNPACKING pc=0x000000012803eb7c sp=0x00000001702445b0 mode 0
Event: 1.793 Thread 0x000000010d009000 Uncommon trap: trap_request=0xffffff45 fr.pc=0x000000012fb9a38c relative=0x000000000000008c
Event: 1.793 Thread 0x000000010d009000 Uncommon trap: reason=unstable_if action=reinterpret pc=0x000000012fb9a38c method=com.sun.javafx.geom.RectBounds.isEmpty()Z @ 21 c2
Event: 1.793 Thread 0x000000010d009000 DEOPT PACKING pc=0x000000012fb9a38c sp=0x0000000170243be0
Event: 1.793 Thread 0x000000010d009000 DEOPT UNPACKING pc=0x000000012803ed1c sp=0x0000000170243b70 mode 2

Classes unloaded (0 events):
No events

Classes redefined (0 events):
No events

Internal exceptions (20 events):
Event: 0.350 Thread 0x000000011e8eb000 Implicit null exception at 0x000000012fb0c354 to 0x000000012fb0c6b4
Event: 0.393 Thread 0x000000011e8eb000 Exception <a 'java/lang/ClassNotFoundException'{0x0000000787063248}: com/sun/javafx/scene/control/skin/resources/controls> (0x0000000787063248) 
thrown [open/src/hotspot/share/prims/jni.cpp, line 535]
Event: 0.393 Thread 0x000000011e8eb000 Exception <a 'java/lang/ClassNotFoundException'{0x00000007870711e8}: com/sun/javafx/scene/control/skin/resources/controls_en> (0x00000007870711e8) 
thrown [open/src/hotspot/share/prims/jni.cpp, line 535]
Event: 0.393 Thread 0x000000011e8eb000 Exception <a 'java/lang/ClassNotFoundException'{0x00000007870728d8}: com/sun/javafx/scene/control/skin/resources/controls_en_FR> (0x00000007870728d8) 
thrown [open/src/hotspot/share/prims/jni.cpp, line 535]
Event: 0.399 Thread 0x000000011e8eb000 Exception <a 'java/lang/NoSuchMethodError'{0x0000000786f37170}: 'java.lang.Object java.lang.invoke.DirectMethodHandle$Holder.invokeInterface(java.lang.Object, java.lang.Object, java.lang.Object)'> (0x0000000786f37170) 
thrown [open/src/hotspot/share/interpreter/linkResolver.cpp, line 766]
Event: 0.399 Thread 0x000000011e8eb000 Exception <a 'java/lang/IncompatibleClassChangeError'{0x0000000786f3aaf8}: Found class java.lang.Object, but interface was expected> (0x0000000786f3aaf8) 
thrown [open/src/hotspot/share/interpreter/linkResolver.cpp, line 833]
Event: 0.467 Thread 0x000000011e8eb000 Exception <a 'java/lang/NoSuchMethodError'{0x0000000786ca41f8}: 'void java.lang.invoke.DirectMethodHandle$Holder.invokeSpecialIFC(java.lang.Object, java.lang.Object, java.lang.Object, java.lang.Object)'> (0x0000000786ca41f8) 
thrown [open/src/hotspot/share/interpreter/linkResolver.cpp, line 766]
Event: 0.479 Thread 0x000000011e8eb000 Exception <a 'java/lang/NoSuchMethodError'{0x0000000786a5df90}: 'int java.lang.invoke.DirectMethodHandle$Holder.invokeSpecial(java.lang.Object, java.lang.Object, int)'> (0x0000000786a5df90) 
thrown [open/src/hotspot/share/interpreter/linkResolver.cpp, line 766]
Event: 0.534 Thread 0x000000011e8eb000 Implicit null exception at 0x000000012fb40078 to 0x000000012fb40710
Event: 0.583 Thread 0x000000011e8eb000 Exception <a 'java/lang/NoSuchMethodError'{0x0000000785b2a388}: 'java.lang.Object java.lang.invoke.DirectMethodHandle$Holder.newInvokeSpecial(java.lang.Object, java.lang.Object, int)'> (0x0000000785b2a388) 
thrown [open/src/hotspot/share/interpreter/linkResolver.cpp, line 766]
Event: 0.600 Thread 0x000000011e8eb000 Exception <a 'java/lang/NoSuchMethodError'{0x0000000785b4d8a8}: 'long java.lang.invoke.DirectMethodHandle$Holder.invokeStatic(java.lang.Object, java.lang.Object, java.lang.Object)'> (0x0000000785b4d8a8) 
thrown [open/src/hotspot/share/interpreter/linkResolver.cpp, line 766]
Event: 0.600 Thread 0x000000011e8eb000 Exception <a 'java/lang/NoSuchMethodError'{0x0000000785b51050}: 'long java.lang.invoke.DirectMethodHandle$Holder.invokeStaticInit(java.lang.Object, java.lang.Object, java.lang.Object)'> (0x0000000785b51050) 
thrown [open/src/hotspot/share/interpreter/linkResolver.cpp, line 766]
Event: 0.601 Thread 0x000000011e8eb000 Exception <a 'java/lang/NoSuchMethodError'{0x0000000785b68c58}: 'java.lang.Object java.lang.invoke.DirectMethodHandle$Holder.newInvokeSpecial(java.lang.Object, java.lang.Object, long)'> (0x0000000785b68c58) 
thrown [open/src/hotspot/share/interpreter/linkResolver.cpp, line 766]
Event: 0.601 Thread 0x000000011e8eb000 Exception <a 'java/lang/NoSuchMethodError'{0x0000000785b6c520}: 'java.lang.Object java.lang.invoke.Invokers$Holder.linkToTargetMethod(java.lang.Object, long, java.lang.Object)'> (0x0000000785b6c520) 
thrown [open/src/hotspot/share/interpreter/linkResolver.cpp, line 766]
Event: 0.620 Thread 0x000000010d009000 Exception <a 'java/lang/NoSuchMethodError'{0x0000000785961488}: 'int java.lang.invoke.DirectMethodHandle$Holder.invokeStaticInit(java.lang.Object, java.lang.Object)'> (0x0000000785961488) 
thrown [open/src/hotspot/share/interpreter/linkResolver.cpp, line 766]
Event: 1.668 Thread 0x000000011e8eb000 Exception <a 'java/lang/NoSuchMethodError'{0x00000007852acbe0}: 'long java.lang.invoke.DirectMethodHandle$Holder.invokeStatic(java.lang.Object, java.lang.Object)'> (0x00000007852acbe0) 
thrown [open/src/hotspot/share/interpreter/linkResolver.cpp, line 766]
Event: 1.677 Thread 0x000000011e8eb000 Exception <a 'java/lang/NoSuchMethodError'{0x000000078510c428}: 'java.lang.Object java.lang.invoke.DirectMethodHandle$Holder.newInvokeSpecial(java.lang.Object, java.lang.Object, int, int, int, int, int, java.lang.Object)'> (0x000000078510c428) 
thrown [open/src/hotspot/share/interpreter/linkResolver.cpp, line 766]
Event: 1.677 Thread 0x000000011e8eb000 Exception <a 'java/lang/NoSuchMethodError'{0x000000078511f408}: 'java.lang.Object java.lang.invoke.DirectMethodHandle$Holder.newInvokeSpecial(java.lang.Object, java.lang.Object, java.lang.Object, int, int, int, int, int)'> (0x000000078511f408) 
thrown [open/src/hotspot/share/interpreter/linkResolver.cpp, line 766]
Event: 1.677 Thread 0x000000011e8eb000 Exception <a 'java/lang/NoSuchMethodError'{0x0000000785126c68}: 'java.lang.Object java.lang.invoke.Invokers$Holder.linkToTargetMethod(java.lang.Object, java.lang.Object, int, int, int, int, int, java.lang.Object)'> (0x0000000785126c68) 
thrown [open/src/hotspot/share/interpreter/linkResolver.cpp, line 766]
Event: 1.787 Thread 0x000000010d009000 Exception <a 'java/lang/NoSuchMethodError'{0x0000000785387d70}: 'java.lang.Object java.lang.invoke.DirectMethodHandle$Holder.invokeStaticInit(java.lang.Object, int)'> (0x0000000785387d70) 
thrown [open/src/hotspot/share/interpreter/linkResolver.cpp, line 766]

VM Operations (20 events):
Event: 0.514 Executing VM operation: ICBufferFull
Event: 0.514 Executing VM operation: ICBufferFull done
Event: 0.543 Executing VM operation: HandshakeAllThreads
Event: 0.543 Executing VM operation: HandshakeAllThreads done
Event: 0.556 Executing VM operation: ICBufferFull
Event: 0.556 Executing VM operation: ICBufferFull done
Event: 0.605 Executing VM operation: ICBufferFull
Event: 0.605 Executing VM operation: ICBufferFull done
Event: 0.730 Executing VM operation: ICBufferFull
Event: 0.730 Executing VM operation: ICBufferFull done
Event: 0.963 Executing VM operation: ICBufferFull
Event: 0.963 Executing VM operation: ICBufferFull done
Event: 1.589 Executing VM operation: ICBufferFull
Event: 1.589 Executing VM operation: ICBufferFull done
Event: 1.764 Executing VM operation: ICBufferFull
Event: 1.764 Executing VM operation: ICBufferFull done
Event: 2.148 Executing VM operation: ICBufferFull
Event: 2.148 Executing VM operation: ICBufferFull done
Event: 2.283 Executing VM operation: G1CollectForAllocation
Event: 2.291 Executing VM operation: G1CollectForAllocation done

Events (20 events):
Event: 1.669 loading class java/util/stream/Nodes$EmptyNode$OfLong
Event: 1.669 loading class java/util/stream/Node$OfLong
Event: 1.669 loading class java/util/stream/Node$OfLong done
Event: 1.669 loading class java/util/stream/Nodes$EmptyNode$OfLong done
Event: 1.669 loading class java/util/stream/Nodes$EmptyNode$OfDouble
Event: 1.669 loading class java/util/stream/Node$OfDouble
Event: 1.669 loading class java/util/stream/Node$OfDouble done
Event: 1.669 loading class java/util/stream/Nodes$EmptyNode$OfDouble done
Event: 1.669 loading class java/util/stream/Nodes$LongFixedNodeBuilder
Event: 1.669 loading class java/util/stream/Node$Builder$OfLong
Event: 1.669 loading class java/util/stream/Node$Builder
Event: 1.669 loading class java/util/stream/Node$Builder done
Event: 1.669 loading class java/util/stream/Sink$OfLong
Event: 1.669 loading class java/util/stream/Sink$OfLong done
Event: 1.669 loading class java/util/stream/Node$Builder$OfLong done
Event: 1.669 loading class java/util/stream/Nodes$LongArrayNode
Event: 1.669 loading class java/util/stream/Nodes$LongArrayNode done
Event: 1.669 loading class java/util/stream/Nodes$LongFixedNodeBuilder done
Event: 1.669 loading class java/util/stream/ReferencePipeline$5$1
Event: 1.669 loading class java/util/stream/ReferencePipeline$5$1 done


Dynamic libraries:
0x0000000102778000 	/Library/Java/JavaVirtualMachines/jdk-17.0.1.jdk/Contents/Home/lib/libjli.dylib
0x00000001d197e000 	/usr/lib/libz.1.dylib
0x00000001d1a2e000 	/usr/lib/libSystem.B.dylib
0x00000001d1a28000 	/usr/lib/system/libcache.dylib
0x00000001d19e6000 	/usr/lib/system/libcommonCrypto.dylib
0x00000001d1a0f000 	/usr/lib/system/libcompiler_rt.dylib
0x00000001d1a06000 	/usr/lib/system/libcopyfile.dylib
0x00000001c6d32000 	/usr/lib/system/libcorecrypto.dylib
0x00000001c6dd7000 	/usr/lib/system/libdispatch.dylib
0x00000001c6f9f000 	/usr/lib/system/libdyld.dylib
0x00000001d1a1e000 	/usr/lib/system/libkeymgr.dylib
0x00000001d19c8000 	/usr/lib/system/libmacho.dylib
0x00000001d10d4000 	/usr/lib/system/libquarantine.dylib
0x00000001d1a1b000 	/usr/lib/system/libremovefile.dylib
0x00000001cc121000 	/usr/lib/system/libsystem_asl.dylib
0x00000001c6cdc000 	/usr/lib/system/libsystem_blocks.dylib
0x00000001c6e5d000 	/usr/lib/system/libsystem_c.dylib
0x00000001d1a13000 	/usr/lib/system/libsystem_collections.dylib
0x00000001d0531000 	/usr/lib/system/libsystem_configuration.dylib
0x00000001cf7b7000 	/usr/lib/system/libsystem_containermanager.dylib
0x00000001d1732000 	/usr/lib/system/libsystem_coreservices.dylib
0x00000001c96c4000 	/usr/lib/system/libsystem_darwin.dylib
0x00000001d1a1f000 	/usr/lib/system/libsystem_dnssd.dylib
0x00000001c6e5a000 	/usr/lib/system/libsystem_featureflags.dylib
0x00000001c6fb4000 	/usr/lib/system/libsystem_info.dylib
0x00000001d1990000 	/usr/lib/system/libsystem_m.dylib
0x00000001c6dac000 	/usr/lib/system/libsystem_malloc.dylib
0x00000001cc0b2000 	/usr/lib/system/libsystem_networkextension.dylib
0x00000001c9b17000 	/usr/lib/system/libsystem_notify.dylib
0x00000001d7bfb000 	/usr/lib/system/libsystem_product_info_filter.dylib
0x00000001d0536000 	/usr/lib/system/libsystem_sandbox.dylib
0x00000001d1a18000 	/usr/lib/system/libsystem_secinit.dylib
0x00000001c6f5c000 	/usr/lib/system/libsystem_kernel.dylib
0x00000001c6fac000 	/usr/lib/system/libsystem_platform.dylib
0x00000001c6f92000 	/usr/lib/system/libsystem_pthread.dylib
0x00000001cd857000 	/usr/lib/system/libsystem_symptoms.dylib
0x00000001c6d18000 	/usr/lib/system/libsystem_trace.dylib
0x00000001d19f3000 	/usr/lib/system/libunwind.dylib
0x00000001c6cde000 	/usr/lib/system/libxpc.dylib
0x00000001c6f42000 	/usr/lib/libc++abi.dylib
0x00000001c6e1e000 	/usr/lib/libobjc.A.dylib
0x00000001d19fe000 	/usr/lib/liboah.dylib
0x00000001c6ede000 	/usr/lib/libc++.1.dylib
0x00000001dd5d8000 	/System/Library/Frameworks/Cocoa.framework/Versions/A/Cocoa
0x00000001c9b76000 	/System/Library/Frameworks/AppKit.framework/Versions/C/AppKit
0x00000001cd098000 	/System/Library/Frameworks/CoreData.framework/Versions/A/CoreData
0x00000001c7ed7000 	/System/Library/Frameworks/Foundation.framework/Versions/C/Foundation
0x00000001caa28000 	/System/Library/PrivateFrameworks/UIFoundation.framework/Versions/A/UIFoundation
0x00000001d78f5000 	/System/Library/PrivateFrameworks/RemoteViewServices.framework/Versions/A/RemoteViewServices
0x00000001cfef0000 	/System/Library/PrivateFrameworks/XCTTargetBootstrap.framework/Versions/A/XCTTargetBootstrap
0x00000001d3730000 	/System/Library/PrivateFrameworks/InternationalSupport.framework/Versions/A/InternationalSupport
0x00000001d37b9000 	/System/Library/PrivateFrameworks/UserActivity.framework/Versions/A/UserActivity
0x00000001d2c5b000 	/usr/lib/libspindump.dylib
0x00000001cac98000 	/System/Library/Frameworks/UniformTypeIdentifiers.framework/Versions/A/UniformTypeIdentifiers
0x00000001ce47e000 	/usr/lib/libapp_launch_measurement.dylib
0x00000001cd9fb000 	/System/Library/PrivateFrameworks/CoreAnalytics.framework/Versions/A/CoreAnalytics
0x00000001ce481000 	/System/Library/PrivateFrameworks/CoreAutoLayout.framework/Versions/A/CoreAutoLayout
0x00000001cf7f4000 	/System/Library/Frameworks/Metal.framework/Versions/A/Metal
0x00000001d0541000 	/usr/lib/liblangid.dylib
0x00000001cfef4000 	/System/Library/PrivateFrameworks/CoreSVG.framework/Versions/A/CoreSVG
0x00000001cc155000 	/System/Library/PrivateFrameworks/SkyLight.framework/Versions/A/SkyLight
0x00000001cc51d000 	/System/Library/Frameworks/CoreGraphics.framework/Versions/A/CoreGraphics
0x00000001d7f6e000 	/System/Library/Frameworks/Accelerate.framework/Versions/A/Accelerate
0x00000001d26d0000 	/System/Library/PrivateFrameworks/IconServices.framework/Versions/A/IconServices
0x00000001cf7d6000 	/System/Library/Frameworks/IOSurface.framework/Versions/A/IOSurface
0x00000001cda2b000 	/usr/lib/libDiagnosticMessagesClient.dylib
0x00000001db3a6000 	/System/Library/Frameworks/ApplicationServices.framework/Versions/A/ApplicationServices
0x00000001cfed8000 	/System/Library/PrivateFrameworks/DFRFoundation.framework/Versions/A/DFRFoundation
0x00000001c9419000 	/usr/lib/libicucore.A.dylib
0x00000001d452d000 	/System/Library/Frameworks/AudioToolbox.framework/Versions/A/AudioToolbox
0x00000001d373c000 	/System/Library/PrivateFrameworks/DataDetectorsCore.framework/Versions/A/DataDetectorsCore
0x00000001e9758000 	/System/Library/PrivateFrameworks/TextInput.framework/Versions/A/TextInput
0x00000001cc0cc000 	/usr/lib/libMobileGestalt.dylib
0x00000001cfba8000 	/System/Library/Frameworks/Carbon.framework/Versions/A/Frameworks/HIToolbox.framework/Versions/A/HIToolbox
0x00000001cde88000 	/System/Library/Frameworks/QuartzCore.framework/Versions/A/QuartzCore
0x00000001c9096000 	/System/Library/Frameworks/Security.framework/Versions/A/Security
0x00000001d7935000 	/System/Library/Frameworks/Carbon.framework/Versions/A/Frameworks/SpeechRecognition.framework/Versions/A/SpeechRecognition
0x00000001ce1d5000 	/System/Library/PrivateFrameworks/CoreUI.framework/Versions/A/CoreUI
0x00000001c8969000 	/System/Library/Frameworks/CoreAudio.framework/Versions/A/CoreAudio
0x00000001cdb1b000 	/System/Library/Frameworks/DiskArbitration.framework/Versions/A/DiskArbitration
0x00000001d3043000 	/System/Library/PrivateFrameworks/MultitouchSupport.framework/Versions/A/MultitouchSupport
0x00000001cc0ca000 	/usr/lib/libenergytrace.dylib
0x00000001c9a42000 	/System/Library/Frameworks/IOKit.framework/Versions/A/IOKit
0x00000001d7d1c000 	/System/Library/Frameworks/CoreServices.framework/Versions/A/CoreServices
0x00000001ce40e000 	/System/Library/PrivateFrameworks/PerformanceAnalysis.framework/Versions/A/PerformanceAnalysis
0x0000000227f7d000 	/System/Library/Frameworks/OpenGL.framework/Versions/A/OpenGL
0x00000001d0ff4000 	/System/Library/PrivateFrameworks/MobileKeyBag.framework/Versions/A/MobileKeyBag
0x00000001ccb2d000 	/System/Library/Frameworks/ColorSync.framework/Versions/A/ColorSync
0x00000001c6fe0000 	/System/Library/Frameworks/CoreFoundation.framework/Versions/A/CoreFoundation
0x00000001d0175000 	/System/Library/Frameworks/CoreImage.framework/Versions/A/CoreImage
0x00000001c878c000 	/System/Library/Frameworks/CoreText.framework/Versions/A/CoreText
0x00000001cff24000 	/System/Library/Frameworks/ImageIO.framework/Versions/A/ImageIO
0x00000001d1a34000 	/System/Library/PrivateFrameworks/SoftLinking.framework/Versions/A/SoftLinking
0x00000001ce4cb000 	/usr/lib/libxml2.2.dylib
0x00000001d1ccc000 	/usr/lib/libcompression.dylib
0x00000001d3689000 	/System/Library/PrivateFrameworks/TextureIO.framework/Versions/A/TextureIO
0x00000001d23ea000 	/usr/lib/libate.dylib
0x00000001d22b2000 	/usr/lib/liblzma.5.dylib
0x00000001c7bc8000 	/System/Library/Frameworks/SystemConfiguration.framework/Versions/A/SystemConfiguration
0x00000001d1a30000 	/usr/lib/libfakelink.dylib
0x00000001cbbfa000 	/System/Library/Frameworks/CFNetwork.framework/Versions/A/CFNetwork
0x00000001d1b77000 	/usr/lib/libarchive.2.dylib
0x00000001d053d000 	/System/Library/PrivateFrameworks/AppleSystemInfo.framework/Versions/A/AppleSystemInfo
0x00000001d10fe000 	/usr/lib/libbsm.0.dylib
0x00000001cb137000 	/usr/lib/libnetwork.dylib
0x00000001d19ce000 	/usr/lib/system/libkxld.dylib
0x00000001d0d16000 	/System/Library/PrivateFrameworks/IOMobileFramebuffer.framework/Versions/A/IOMobileFramebuffer
0x00000002438a8000 	/usr/lib/libCoreEntitlements.dylib
0x00000001d1714000 	/System/Library/PrivateFrameworks/AppleFSCompression.framework/Versions/A/AppleFSCompression
0x00000001d10e7000 	/usr/lib/libcoretls.dylib
0x00000001d22cb000 	/usr/lib/libcoretls_cfhelpers.dylib
0x00000001d1cc7000 	/usr/lib/libpam.2.dylib
0x00000001cd47f000 	/usr/lib/libsqlite3.dylib
0x00000001d2333000 	/usr/lib/libxar.1.dylib
0x00000001d1725000 	/usr/lib/libbz2.1.0.dylib
0x00000001d1a35000 	/usr/lib/libpcap.A.dylib
0x00000001cd84e000 	/usr/lib/libdns_services.dylib
0x00000001d1c9a000 	/usr/lib/libapple_nghttp2.dylib
0x00000001d1a72000 	/usr/lib/libiconv.2.dylib
0x00000001d19c7000 	/usr/lib/libcharset.1.dylib
0x00000001ce44a000 	/System/Library/Frameworks/CoreServices.framework/Versions/A/Frameworks/FSEvents.framework/Versions/A/FSEvents
0x00000001c96cf000 	/System/Library/Frameworks/CoreServices.framework/Versions/A/Frameworks/CarbonCore.framework/Versions/A/CarbonCore
0x00000001cda7e000 	/System/Library/Frameworks/CoreServices.framework/Versions/A/Frameworks/Metadata.framework/Versions/A/Metadata
0x00000001d1738000 	/System/Library/Frameworks/CoreServices.framework/Versions/A/Frameworks/OSServices.framework/Versions/A/OSServices
0x00000001d1bfc000 	/System/Library/Frameworks/CoreServices.framework/Versions/A/Frameworks/SearchKit.framework/Versions/A/SearchKit
0x00000001cd7dc000 	/System/Library/Frameworks/CoreServices.framework/Versions/A/Frameworks/AE.framework/Versions/A/AE
0x00000001c7524000 	/System/Library/Frameworks/CoreServices.framework/Versions/A/Frameworks/LaunchServices.framework/Versions/A/LaunchServices
0x00000001d225b000 	/System/Library/Frameworks/CoreServices.framework/Versions/A/Frameworks/DictionaryServices.framework/Versions/A/DictionaryServices
0x00000001ce457000 	/System/Library/Frameworks/CoreServices.framework/Versions/A/Frameworks/SharedFileList.framework/Versions/A/SharedFileList
0x00000001d10d7000 	/usr/lib/libCheckFix.dylib
0x00000001cc139000 	/System/Library/PrivateFrameworks/TCC.framework/Versions/A/TCC
0x00000001d0543000 	/System/Library/PrivateFrameworks/CoreNLP.framework/Versions/A/CoreNLP
0x00000001cda2e000 	/System/Library/PrivateFrameworks/MetadataUtilities.framework/Versions/A/MetadataUtilities
0x00000001c7c81000 	/usr/lib/libmecabra.dylib
0x00000001d110f000 	/usr/lib/libmecab.dylib
0x00000001c7c4d000 	/usr/lib/libCRFSuite.dylib
0x00000001d116d000 	/usr/lib/libgermantok.dylib
0x00000001d1c73000 	/usr/lib/libThaiTokenizer.dylib
0x00000001cdb23000 	/System/Library/Frameworks/Accelerate.framework/Versions/A/Frameworks/vImage.framework/Versions/A/vImage
0x00000001d7cf3000 	/System/Library/Frameworks/Accelerate.framework/Versions/A/Frameworks/vecLib.framework/Versions/A/vecLib
0x00000001d2377000 	/System/Library/Frameworks/Accelerate.framework/Versions/A/Frameworks/vecLib.framework/Versions/A/libvMisc.dylib
0x00000001d0c20000 	/System/Library/Frameworks/Accelerate.framework/Versions/A/Frameworks/vecLib.framework/Versions/A/libvDSP.dylib
0x00000001c78a7000 	/System/Library/Frameworks/Accelerate.framework/Versions/A/Frameworks/vecLib.framework/Versions/A/libBLAS.dylib
0x00000001d1d9b000 	/System/Library/Frameworks/Accelerate.framework/Versions/A/Frameworks/vecLib.framework/Versions/A/libLAPACK.dylib
0x00000001d1170000 	/System/Library/Frameworks/Accelerate.framework/Versions/A/Frameworks/vecLib.framework/Versions/A/libLinearAlgebra.dylib
0x00000001d1cb2000 	/System/Library/Frameworks/Accelerate.framework/Versions/A/Frameworks/vecLib.framework/Versions/A/libSparseBLAS.dylib
0x00000001d1d96000 	/System/Library/Frameworks/Accelerate.framework/Versions/A/Frameworks/vecLib.framework/Versions/A/libQuadrature.dylib
0x00000001d063a000 	/System/Library/Frameworks/Accelerate.framework/Versions/A/Frameworks/vecLib.framework/Versions/A/libBNNS.dylib
0x00000001c7b65000 	/System/Library/Frameworks/Accelerate.framework/Versions/A/Frameworks/vecLib.framework/Versions/A/libSparse.dylib
0x00000001d0632000 	/System/Library/PrivateFrameworks/LinguisticData.framework/Versions/A/LinguisticData
0x00000001c7b1b000 	/System/Library/PrivateFrameworks/Lexicon.framework/Versions/A/Lexicon
0x00000001d236f000 	/usr/lib/libChineseTokenizer.dylib
0x00000001c82c5000 	/System/Library/PrivateFrameworks/LanguageModeling.framework/Versions/A/LanguageModeling
0x00000001d1c75000 	/System/Library/PrivateFrameworks/AppleSauce.framework/Versions/A/AppleSauce
0x00000001d0d03000 	/System/Library/PrivateFrameworks/CoreEmoji.framework/Versions/A/CoreEmoji
0x00000001d1b65000 	/usr/lib/libcmph.dylib
0x00000001ce42a000 	/System/Library/Frameworks/OpenDirectory.framework/Versions/A/Frameworks/CFOpenDirectory.framework/Versions/A/CFOpenDirectory
0x00000001ce41a000 	/System/Library/Frameworks/OpenDirectory.framework/Versions/A/OpenDirectory
0x00000001d22cd000 	/System/Library/PrivateFrameworks/APFS.framework/Versions/A/APFS
0x00000001d102f000 	/System/Library/Frameworks/SecurityFoundation.framework/Versions/A/SecurityFoundation
0x00000001d2341000 	/usr/lib/libutil.dylib
0x00000001c9a04000 	/System/Library/PrivateFrameworks/CoreServicesStore.framework/Versions/A/CoreServicesStore
0x00000001d2345000 	/usr/lib/libxslt.1.dylib
0x00000001d10c3000 	/System/Library/PrivateFrameworks/BackgroundTaskManagement.framework/Versions/A/BackgroundTaskManagement
0x00000001d35aa000 	/System/Library/Frameworks/ImageIO.framework/Versions/A/Resources/libRadiance.dylib
0x00000001d35b3000 	/System/Library/Frameworks/ImageIO.framework/Versions/A/Resources/libJPEG.dylib
0x00000001d3505000 	/System/Library/Frameworks/ImageIO.framework/Versions/A/Resources/libPng.dylib
0x00000001d3527000 	/System/Library/Frameworks/ImageIO.framework/Versions/A/Resources/libTIFF.dylib
0x00000001d360e000 	/System/Library/Frameworks/ImageIO.framework/Versions/A/Resources/libGIF.dylib
0x00000001d2f53000 	/System/Library/Frameworks/ImageIO.framework/Versions/A/Resources/libJP2.dylib
0x00000001d2696000 	/usr/lib/libexpat.1.dylib
0x00000001d2f0e000 	/System/Library/PrivateFrameworks/AppleJPEG.framework/Versions/A/AppleJPEG
0x00000001cfa67000 	/System/Library/PrivateFrameworks/FontServices.framework/libFontParser.dylib
0x00000001cd781000 	/System/Library/PrivateFrameworks/RunningBoardServices.framework/Versions/A/RunningBoardServices
0x00000001ddc43000 	/System/Library/PrivateFrameworks/IOSurfaceAccelerator.framework/Versions/A/IOSurfaceAccelerator
0x00000001d303f000 	/System/Library/PrivateFrameworks/WatchdogClient.framework/Versions/A/WatchdogClient
0x00000001c83c9000 	/System/Library/Frameworks/CoreDisplay.framework/Versions/A/CoreDisplay
0x00000001cf956000 	/System/Library/Frameworks/CoreMedia.framework/Versions/A/CoreMedia
0x00000001cf7ea000 	/System/Library/PrivateFrameworks/IOAccelerator.framework/Versions/A/IOAccelerator
0x00000001ce5b8000 	/System/Library/Frameworks/CoreVideo.framework/Versions/A/CoreVideo
0x00000001d1cc5000 	/System/Library/Frameworks/MetalPerformanceShaders.framework/Versions/A/MetalPerformanceShaders
0x00000001d307c000 	/System/Library/Frameworks/VideoToolbox.framework/Versions/A/VideoToolbox
0x00000001cd6c5000 	/System/Library/PrivateFrameworks/BaseBoard.framework/Versions/A/BaseBoard
0x00000001cd464000 	/System/Library/PrivateFrameworks/ProtocolBuffer.framework/Versions/A/ProtocolBuffer
0x00000001d35a5000 	/System/Library/PrivateFrameworks/GPUWrangler.framework/Versions/A/GPUWrangler
0x00000001d3584000 	/System/Library/PrivateFrameworks/IOPresentment.framework/Versions/A/IOPresentment
0x00000001d35ad000 	/System/Library/PrivateFrameworks/DSExternalDisplay.framework/Versions/A/DSExternalDisplay
0x0000000227f70000 	/System/Library/Frameworks/OpenGL.framework/Versions/A/Libraries/libCoreFSCache.dylib
0x000000023168a000 	/System/Library/PrivateFrameworks/GPUCompiler.framework/Versions/31001/Libraries/libGPUCompilerUtils.dylib
0x00000001d3613000 	/System/Library/PrivateFrameworks/CMCaptureCore.framework/Versions/A/CMCaptureCore
0x00000001d2c49000 	/System/Library/PrivateFrameworks/AppServerSupport.framework/Versions/A/AppServerSupport
0x00000001d4de8000 	/System/Library/PrivateFrameworks/perfdata.framework/Versions/A/perfdata
0x00000001c84e9000 	/System/Library/PrivateFrameworks/AudioToolboxCore.framework/Versions/A/AudioToolboxCore
0x00000001cf92e000 	/System/Library/PrivateFrameworks/caulk.framework/Versions/A/caulk
0x00000001d46dd000 	/usr/lib/libAudioStatistics.dylib
0x00000001e5ef6000 	/System/Library/PrivateFrameworks/SystemPolicy.framework/Versions/A/SystemPolicy
0x00000001d493d000 	/usr/lib/libSMC.dylib
0x00000001dd4ba000 	/System/Library/Frameworks/CoreMIDI.framework/Versions/A/CoreMIDI
0x00000001d34d3000 	/usr/lib/libAudioToolboxUtility.dylib
0x00000001e239c000 	/System/Library/PrivateFrameworks/OSAServicesClient.framework/Versions/A/OSAServicesClient
0x00000001d4df5000 	/usr/lib/libperfcheck.dylib
0x00000001e69f9000 	/usr/lib/libmis.dylib
0x0000000227fd1000 	/System/Library/Frameworks/OpenGL.framework/Versions/A/Libraries/libGLU.dylib
0x0000000227f90000 	/System/Library/Frameworks/OpenGL.framework/Versions/A/Libraries/libGFXShared.dylib
0x000000022817a000 	/System/Library/Frameworks/OpenGL.framework/Versions/A/Libraries/libGL.dylib
0x0000000227f99000 	/System/Library/Frameworks/OpenGL.framework/Versions/A/Libraries/libGLImage.dylib
0x0000000227f8d000 	/System/Library/Frameworks/OpenGL.framework/Versions/A/Libraries/libCVMSPluginSupport.dylib
0x0000000227f77000 	/System/Library/Frameworks/OpenGL.framework/Versions/A/Libraries/libCoreVMClient.dylib
0x00000001d04bf000 	/System/Library/Frameworks/MetalPerformanceShaders.framework/Versions/A/Frameworks/MPSCore.framework/Versions/A/MPSCore
0x00000001d1687000 	/System/Library/Frameworks/MetalPerformanceShaders.framework/Versions/A/Frameworks/MPSImage.framework/Versions/A/MPSImage
0x00000001d1185000 	/System/Library/Frameworks/MetalPerformanceShaders.framework/Versions/A/Frameworks/MPSNeuralNetwork.framework/Versions/A/MPSNeuralNetwork
0x00000001d15c2000 	/System/Library/Frameworks/MetalPerformanceShaders.framework/Versions/A/Frameworks/MPSMatrix.framework/Versions/A/MPSMatrix
0x00000001d139d000 	/System/Library/Frameworks/MetalPerformanceShaders.framework/Versions/A/Frameworks/MPSRayIntersector.framework/Versions/A/MPSRayIntersector
0x00000001d15f3000 	/System/Library/Frameworks/MetalPerformanceShaders.framework/Versions/A/Frameworks/MPSNDArray.framework/Versions/A/MPSNDArray
0x0000000229c8c000 	/System/Library/Frameworks/MetalPerformanceShaders.framework/Versions/A/Frameworks/MPSFunctions.framework/Versions/A/MPSFunctions
0x00000001c7785000 	/System/Library/PrivateFrameworks/MetalTools.framework/Versions/A/MetalTools
0x00000001d053b000 	/System/Library/PrivateFrameworks/AggregateDictionary.framework/Versions/A/AggregateDictionary
0x00000001d247c000 	/usr/lib/libIOReport.dylib
0x00000001dc4a8000 	/System/Library/PrivateFrameworks/ASEProcessing.framework/Versions/A/ASEProcessing
0x00000001d27ee000 	/System/Library/PrivateFrameworks/FaceCore.framework/Versions/A/FaceCore
0x00000001d27e0000 	/System/Library/PrivateFrameworks/GraphVisualizer.framework/Versions/A/GraphVisualizer
0x00000002315a1000 	/System/Library/PrivateFrameworks/FontServices.framework/Versions/A/FontServices
0x00000001d2c03000 	/System/Library/PrivateFrameworks/OTSVG.framework/Versions/A/OTSVG
0x00000001ce186000 	/System/Library/Frameworks/ApplicationServices.framework/Versions/A/Frameworks/ATS.framework/Versions/A/Resources/libFontRegistry.dylib
0x00000001d2c52000 	/System/Library/PrivateFrameworks/FontServices.framework/libhvf.dylib
0x00000002315a2000 	/System/Library/PrivateFrameworks/FontServices.framework/libXTFontStaticRegistryData.dylib
0x000000022831c000 	/System/Library/Frameworks/OpenCL.framework/Versions/A/OpenCL
0x00000001d264a000 	/System/Library/PrivateFrameworks/AppleVA.framework/Versions/A/AppleVA
0x00000001d4705000 	/System/Library/Frameworks/ApplicationServices.framework/Versions/A/Frameworks/ATS.framework/Versions/A/ATS
0x00000001ccc2a000 	/System/Library/Frameworks/ApplicationServices.framework/Versions/A/Frameworks/HIServices.framework/Versions/A/HIServices
0x00000001d361d000 	/System/Library/Frameworks/ApplicationServices.framework/Versions/A/Frameworks/PrintCore.framework/Versions/A/PrintCore
0x00000001d4a90000 	/System/Library/Frameworks/ApplicationServices.framework/Versions/A/Frameworks/QD.framework/Versions/A/QD
0x00000001d4a88000 	/System/Library/Frameworks/ApplicationServices.framework/Versions/A/Frameworks/ColorSyncLegacy.framework/Versions/A/ColorSyncLegacy
0x00000001d46f1000 	/System/Library/Frameworks/ApplicationServices.framework/Versions/A/Frameworks/SpeechSynthesis.framework/Versions/A/SpeechSynthesis
0x00000001d35de000 	/System/Library/Frameworks/ApplicationServices.framework/Versions/A/Frameworks/ATSUI.framework/Versions/A/ATSUI
0x00000001d4a1d000 	/usr/lib/libcups.2.dylib
0x00000001d4e03000 	/System/Library/Frameworks/Kerberos.framework/Versions/A/Kerberos
0x00000001d4e14000 	/System/Library/Frameworks/GSS.framework/Versions/A/GSS
0x00000001d4774000 	/usr/lib/libresolv.9.dylib
0x00000001d2c60000 	/System/Library/PrivateFrameworks/Heimdal.framework/Versions/A/Heimdal
0x00000001db71c000 	/System/Library/Frameworks/Kerberos.framework/Versions/A/Libraries/libHeimdalProxy.dylib
0x00000001cd860000 	/System/Library/Frameworks/Network.framework/Versions/A/Network
0x00000001d26b1000 	/usr/lib/libheimdal-asn1.dylib
0x00000001d4e5a000 	/System/Library/PrivateFrameworks/CommonAuth.framework/Versions/A/CommonAuth
0x00000001d466b000 	/System/Library/PrivateFrameworks/AudioSession.framework/Versions/A/AudioSession
0x00000001d2742000 	/System/Library/PrivateFrameworks/MediaExperience.framework/Versions/A/MediaExperience
0x00000001d44f3000 	/System/Library/PrivateFrameworks/AudioSession.framework/libSessionUtility.dylib
0x00000001d4a9c000 	/System/Library/PrivateFrameworks/AudioResourceArbitration.framework/Versions/A/AudioResourceArbitration
0x00000001d26ba000 	/System/Library/PrivateFrameworks/IconFoundation.framework/Versions/A/IconFoundation
0x00000001d7921000 	/System/Library/PrivateFrameworks/SpeechRecognitionCore.framework/Versions/A/SpeechRecognitionCore
0x0000000103884000 	/Library/Java/JavaVirtualMachines/jdk-17.0.1.jdk/Contents/Home/lib/server/libjvm.dylib
0x00000001027dc000 	/Library/Java/JavaVirtualMachines/jdk-17.0.1.jdk/Contents/Home/lib/libjimage.dylib
0x0000000102808000 	/Library/Java/JavaVirtualMachines/jdk-17.0.1.jdk/Contents/Home/lib/libinstrument.dylib
0x0000000102854000 	/Library/Java/JavaVirtualMachines/jdk-17.0.1.jdk/Contents/Home/lib/libjava.dylib
0x00000001028c8000 	/Library/Java/JavaVirtualMachines/jdk-17.0.1.jdk/Contents/Home/lib/libnio.dylib
0x00000001037d8000 	/Library/Java/JavaVirtualMachines/jdk-17.0.1.jdk/Contents/Home/lib/libnet.dylib
0x000000010283c000 	/Library/Java/JavaVirtualMachines/jdk-17.0.1.jdk/Contents/Home/lib/libzip.dylib
0x00000001037fc000 	/Library/Java/JavaVirtualMachines/jdk-17.0.1.jdk/Contents/Home/lib/libextnet.dylib
0x0000000103810000 	/Library/Java/JavaVirtualMachines/javafx-sdk-17.0.1/lib/libprism_es2.dylib
0x00000001c99c7000 	/System/Library/PrivateFrameworks/CoreServicesInternal.framework/Versions/A/CoreServicesInternal
0x0000000228184000 	/System/Library/Frameworks/OpenGL.framework/Versions/A/Resources/GLEngine.bundle/GLEngine
0x000000022800b000 	/System/Library/Frameworks/OpenGL.framework/Versions/A/Libraries/libGLProgrammability.dylib
0x000000010cbb4000 	/System/Library/Extensions/AppleMetalOpenGLRenderer.bundle/Contents/MacOS/AppleMetalOpenGLRenderer
0x00000002282f3000 	/System/Library/Frameworks/OpenGL.framework/Versions/A/Resources/GLRendererFloat.bundle/GLRendererFloat
0x0000000228394000 	/System/Library/Extensions/AGXMetal13_3.bundle/Contents/MacOS/AGXMetal13_3
0x00000001e6a15000 	/System/Library/PrivateFrameworks/GPURawCounter.framework/Versions/A/GPURawCounter
0x00000001e14ea000 	/System/Library/PrivateFrameworks/IOGPU.framework/Versions/A/IOGPU
0x000000010cc4c000 	/Library/Java/JavaVirtualMachines/javafx-sdk-17.0.1/lib/libglass.dylib
0x00000001d8dc1000 	/System/Library/Frameworks/FileProvider.framework/Versions/A/FileProvider
0x00000001cd62d000 	/System/Library/Frameworks/Accounts.framework/Versions/A/Accounts
0x00000001d8f41000 	/System/Library/PrivateFrameworks/GenerationalStorage.framework/Versions/A/GenerationalStorage
0x00000001d9af1000 	/System/Library/PrivateFrameworks/CoreSymbolication.framework/Versions/A/CoreSymbolication
0x00000001d8b61000 	/System/Library/PrivateFrameworks/SymptomDiagnosticReporter.framework/Versions/A/SymptomDiagnosticReporter
0x00000001cacac000 	/System/Library/PrivateFrameworks/DesktopServicesPriv.framework/Versions/A/DesktopServicesPriv
0x00000001c9b26000 	/usr/lib/libsandbox.1.dylib
0x00000001ce644000 	/System/Library/PrivateFrameworks/UserManagement.framework/Versions/A/UserManagement
0x00000001d9ab2000 	/System/Library/PrivateFrameworks/DebugSymbols.framework/Versions/A/DebugSymbols
0x00000001d4a7b000 	/System/Library/PrivateFrameworks/NetAuth.framework/Versions/A/NetAuth
0x00000001d5979000 	/System/Library/PrivateFrameworks/Sharing.framework/Versions/A/Sharing
0x00000001ce614000 	/System/Library/PrivateFrameworks/login.framework/Versions/A/Frameworks/loginsupport.framework/Versions/A/loginsupport
0x00000001dac62000 	/System/Library/PrivateFrameworks/Apple80211.framework/Versions/A/Apple80211
0x00000001d176b000 	/System/Library/PrivateFrameworks/AuthKit.framework/Versions/A/AuthKit
0x00000001d0e02000 	/System/Library/PrivateFrameworks/CoreUtils.framework/Versions/A/CoreUtils
0x00000001d0d22000 	/System/Library/Frameworks/CoreWLAN.framework/Versions/A/CoreWLAN
0x00000001d5ae2000 	/System/Library/Frameworks/IOBluetooth.framework/Versions/A/IOBluetooth
0x00000001dacc2000 	/System/Library/PrivateFrameworks/CoreWiFi.framework/Versions/A/CoreWiFi
0x00000001d9699000 	/System/Library/PrivateFrameworks/FrontBoardServices.framework/Versions/A/FrontBoardServices
0x00000001d9731000 	/System/Library/PrivateFrameworks/BoardServices.framework/Versions/A/BoardServices
0x00000001d101d000 	/System/Library/PrivateFrameworks/AssertionServices.framework/Versions/A/AssertionServices
0x00000001dae30000 	/System/Library/PrivateFrameworks/BackBoardServices.framework/Versions/A/BackBoardServices
0x00000001d4eed000 	/System/Library/PrivateFrameworks/CorePhoneNumbers.framework/Versions/A/CorePhoneNumbers
0x00000001d8c91000 	/System/Library/PrivateFrameworks/DiskManagement.framework/Versions/A/DiskManagement
0x00000001d8b94000 	/System/Library/PrivateFrameworks/AppleIDAuthSupport.framework/Versions/A/AppleIDAuthSupport
0x000000022bf25000 	/System/Library/PrivateFrameworks/AAAFoundation.framework/Versions/A/AAAFoundation
0x00000001d4ecc000 	/System/Library/PrivateFrameworks/KeychainCircle.framework/Versions/A/KeychainCircle
0x00000001d8c5d000 	/System/Library/PrivateFrameworks/MediaKit.framework/Versions/A/MediaKit
0x00000001d8ba1000 	/System/Library/Frameworks/DiscRecording.framework/Versions/A/DiscRecording
0x00000001d25c6000 	/usr/lib/libCoreStorage.dylib
0x00000001db12a000 	/usr/lib/libcsfde.dylib
0x00000001d5bb7000 	/System/Library/PrivateFrameworks/ProtectedCloudStorage.framework/Versions/A/ProtectedCloudStorage
0x00000001db122000 	/System/Library/PrivateFrameworks/EFILogin.framework/Versions/A/EFILogin
0x00000001d8f68000 	/System/Library/PrivateFrameworks/OctagonTrust.framework/Versions/A/OctagonTrust
0x000000023080c000 	/System/Library/PrivateFrameworks/CoreUtilsExtras.framework/Versions/A/CoreUtilsExtras
0x00000001d8ad3000 	/System/Library/Frameworks/CoreBluetooth.framework/Versions/A/CoreBluetooth
0x00000001db7a1000 	/System/Library/Frameworks/AudioUnit.framework/Versions/A/AudioUnit
0x00000001d25be000 	/usr/lib/libMatch.1.dylib
0x00000001eac7c000 	/System/Library/Frameworks/Accelerate.framework/Versions/A/Frameworks/vImage.framework/Versions/A/Libraries/libCGInterfaces.dylib
0x000000011cdec000 	/usr/lib/libobjc-trampolines.dylib
0x00000001ce312000 	/System/Library/PrivateFrameworks/ViewBridge.framework/Versions/A/ViewBridge
0x00000001d2485000 	/System/Library/PrivateFrameworks/CrashReporterSupport.framework/Versions/A/CrashReporterSupport
0x00000001f258b000 	/System/Library/PrivateFrameworks/OSAnalytics.framework/Versions/A/OSAnalytics
0x00000001fd6da000 	/System/Library/PrivateFrameworks/Symbolication.framework/Versions/A/Symbolication
0x00000001e69d6000 	/System/Library/PrivateFrameworks/MallocStackLogging.framework/Versions/A/MallocStackLogging
0x0000000142414000 	/Library/Java/JavaVirtualMachines/javafx-sdk-17.0.1/lib/libjavafx_font.dylib
0x0000000142454000 	/Library/Java/JavaVirtualMachines/jdk-17.0.1.jdk/Contents/Home/lib/libjsound.dylib
0x00000001d2d0e000 	/System/Library/PrivateFrameworks/login.framework/Versions/A/login
0x0000000243a22000 	/usr/lib/libRosetta.dylib
0x000000022c5c4000 	/System/Library/PrivateFrameworks/AccessibilityBundles.framework/Versions/A/AccessibilityBundles


VM Arguments:
jvm_args: --module-path=/Library/Java/JavaVirtualMachines/javafx-sdk-17.0.1/lib --add-modules=javafx.controls,javafx.fxml -Djava.library.path=/Library/Java/JavaVirtualMachines/javafx-sdk-17.0.1/lib -javaagent:/Applications/IntelliJ IDEA.app/Contents/lib/idea_rt.jar=56195:/Applications/IntelliJ IDEA.app/Contents/bin -Dfile.encoding=UTF-8 
java_command: com.jathurchan.ui.Main
java_class_path (initial): /Users/js/Desktop/ENSEA/RealtimeAudioProcessing/out/production/untitled104:/Library/Java/JavaVirtualMachines/javafx-sdk-17.0.1/lib/javafx-swt.jar:/Library/Java/JavaVirtualMachines/javafx-sdk-17.0.1/lib/javafx.base.jar:/Library/Java/JavaVirtualMachines/javafx-sdk-17.0.1/lib/javafx.controls.jar:/Library/Java/JavaVirtualMachines/javafx-sdk-17.0.1/lib/javafx.fxml.jar:/Library/Java/JavaVirtualMachines/javafx-sdk-17.0.1/lib/javafx.graphics.jar:/Library/Java/JavaVirtualMachines/javafx-sdk-17.0.1/lib/javafx.media.jar:/Library/Java/JavaVirtualMachines/javafx-sdk-17.0.1/lib/javafx.swing.jar:/Library/Java/JavaVirtualMachines/javafx-sdk-17.0.1/lib/javafx.web.jar
Launcher Type: SUN_STANDARD

[Global flags]
     intx CICompilerCount                          = 4                                         {product} {ergonomic}
     uint ConcGCThreads                            = 2                                         {product} {ergonomic}
     uint G1ConcRefinementThreads                  = 8                                         {product} {ergonomic}
   size_t G1HeapRegionSize                         = 1048576                                   {product} {ergonomic}
    uintx GCDrainStackTargetSize                   = 64                                        {product} {ergonomic}
   size_t InitialHeapSize                          = 134217728                                 {product} {ergonomic}
   size_t MarkStackSize                            = 4194304                                   {product} {ergonomic}
   size_t MaxHeapSize                              = 2147483648                                {product} {ergonomic}
   size_t MaxNewSize                               = 1287651328                                {product} {ergonomic}
   size_t MinHeapDeltaBytes                        = 1048576                                   {product} {ergonomic}
   size_t MinHeapSize                              = 8388608                                   {product} {ergonomic}
    uintx NonNMethodCodeHeapSize                   = 5839564                                {pd product} {ergonomic}
    uintx NonProfiledCodeHeapSize                  = 122909338                              {pd product} {ergonomic}
    uintx ProfiledCodeHeapSize                     = 122909338                              {pd product} {ergonomic}
    uintx ReservedCodeCacheSize                    = 251658240                              {pd product} {ergonomic}
     bool SegmentedCodeCache                       = true                                      {product} {ergonomic}
   size_t SoftMaxHeapSize                          = 2147483648                             {manageable} {ergonomic}
     bool UseCompressedClassPointers               = true                           {product lp64_product} {ergonomic}
     bool UseCompressedOops                        = true                           {product lp64_product} {ergonomic}
     bool UseG1GC                                  = true                                      {product} {ergonomic}
     bool UseNUMA                                  = false                                     {product} {ergonomic}
     bool UseNUMAInterleaving                      = false                                     {product} {ergonomic}

Logging:
Log output configuration:
 #0: stdout all=warning uptime,level,tags
 #1: stderr all=off uptime,level,tags

Environment Variables:
PATH=/usr/local/bin:/usr/bin:/bin:/usr/sbin:/sbin:/Library/Apple/usr/bin:/Applications/Wireshark.app/Contents/MacOS
SHELL=/bin/zsh
LC_CTYPE=en_US.UTF-8

Signal Handlers:
   SIGSEGV: _ZL13crash_handleriP9__siginfoPv in libjvm.dylib, mask=11100110000111110111111111111111, flags=SA_RESTART|SA_SIGINFO
    SIGBUS: _ZL13crash_handleriP9__siginfoPv in libjvm.dylib, mask=11100110000111110111111111111111, flags=SA_RESTART|SA_SIGINFO
    SIGFPE: _ZL13crash_handleriP9__siginfoPv in libjvm.dylib, mask=11100110000111110111111111111111, flags=SA_RESTART|SA_SIGINFO
   SIGPIPE: _ZL17javaSignalHandleriP9__siginfoPv in libjvm.dylib, mask=11100110000111110111111111111111, flags=SA_RESTART|SA_SIGINFO
   SIGXFSZ: _ZL17javaSignalHandleriP9__siginfoPv in libjvm.dylib, mask=11100110000111110111111111111111, flags=SA_RESTART|SA_SIGINFO
    SIGILL: _ZL13crash_handleriP9__siginfoPv in libjvm.dylib, mask=11100110000111110111111111111111, flags=SA_RESTART|SA_SIGINFO
   SIGUSR2: _ZL10SR_handleriP9__siginfoP17__darwin_ucontext in libjvm.dylib, mask=00100000000000000000000000000000, flags=SA_RESTART|SA_SIGINFO
    SIGHUP: _ZL11UserHandleriPvS_ in libjvm.dylib, mask=11100110000111110111111111111111, flags=SA_RESTART|SA_SIGINFO
    SIGINT: _ZL11UserHandleriPvS_ in libjvm.dylib, mask=11100110000111110111111111111111, flags=SA_RESTART|SA_SIGINFO
   SIGTERM: _ZL11UserHandleriPvS_ in libjvm.dylib, mask=11100110000111110111111111111111, flags=SA_RESTART|SA_SIGINFO
   SIGQUIT: _ZL11UserHandleriPvS_ in libjvm.dylib, mask=11100110000111110111111111111111, flags=SA_RESTART|SA_SIGINFO
   SIGTRAP: _ZL13crash_handleriP9__siginfoPv in libjvm.dylib, mask=11100110000111110111111111111111, flags=SA_RESTART|SA_SIGINFO


---------------  S Y S T E M  ---------------

OS:
uname: Darwin 21.1.0 Darwin Kernel Version 21.1.0: Wed Oct 13 17:33:24 PDT 2021; root:xnu-8019.41.5~1/RELEASE_ARM64_T8101 arm64
OS uptime: 0 days 22:38 hours
rlimit (soft/hard): STACK 8176k/65520k , CORE 0k/infinity , NPROC 1333/2000 , NOFILE 10240/infinity , AS infinity/infinity , CPU infinity/infinity , DATA infinity/infinity , FSIZE infinity/infinity , MEMLOCK infinity/infinity , RSS infinity/infinity
load average: 1.49 1.47 1.53

CPU: total 8 (initial active 8) 0x61:0x0:0x1b588bb3:0, fp, simd, crc, lse

Memory: 16k page, physical 8388608k(82992k free), swap 1048576k(891904k free)

vm_info: Java HotSpot(TM) 64-Bit Server VM (17.0.1+12-LTS-39) for bsd-aarch64 JRE (17.0.1+12-LTS-39), built on Sep 27 2021 17:38:30 by "mach5one" with clang Apple LLVM 12.0.0 (clang-1200.0.32.29)

END.
